[1.227s] Invoking command in '/home/carlos/turtlebot3_ws/src/show_msg': PS1=(rosenv) \[\e]0;\u@\h: \w\a\]${debian_chroot:+($debian_chroot)}\[\033[01;32m\]\u@\h\[\033[00m\]:\[\033[01;34m\]\w\[\033[00m\]\$ PYTHONPATH=/home/carlos/turtlebot3_ws/install/show_msg/lib/python3.8/site-packages:${PYTHONPATH} /usr/bin/python3 setup.py egg_info --egg-base ../../build/show_msg build --build-base /home/carlos/turtlebot3_ws/build/show_msg/build install --prefix /home/carlos/turtlebot3_ws/install/show_msg --record /home/carlos/turtlebot3_ws/build/show_msg/install.log --single-version-externally-managed
[1.621s] running egg_info
[1.622s] writing ../../build/show_msg/show_msg.egg-info/PKG-INFO
[1.623s] writing dependency_links to ../../build/show_msg/show_msg.egg-info/dependency_links.txt
[1.624s] writing entry points to ../../build/show_msg/show_msg.egg-info/entry_points.txt
[1.624s] writing requirements to ../../build/show_msg/show_msg.egg-info/requires.txt
[1.625s] writing top-level names to ../../build/show_msg/show_msg.egg-info/top_level.txt
[1.704s] reading manifest file '../../build/show_msg/show_msg.egg-info/SOURCES.txt'
[1.706s] writing manifest file '../../build/show_msg/show_msg.egg-info/SOURCES.txt'
[1.706s] running build
[1.706s] running build_py
[1.707s] copying show_msg/show_msg.py -> /home/carlos/turtlebot3_ws/build/show_msg/build/lib/show_msg
[1.707s] running install
[1.709s] running install_lib
[1.710s] creating /home/carlos/turtlebot3_ws/install/show_msg/lib/python3.8/site-packages/show_msg
[1.711s] copying /home/carlos/turtlebot3_ws/build/show_msg/build/lib/show_msg/__init__.py -> /home/carlos/turtlebot3_ws/install/show_msg/lib/python3.8/site-packages/show_msg
[1.711s] copying /home/carlos/turtlebot3_ws/build/show_msg/build/lib/show_msg/show_msg.py -> /home/carlos/turtlebot3_ws/install/show_msg/lib/python3.8/site-packages/show_msg
[1.712s] byte-compiling /home/carlos/turtlebot3_ws/install/show_msg/lib/python3.8/site-packages/show_msg/__init__.py to __init__.cpython-38.pyc
[1.714s] byte-compiling /home/carlos/turtlebot3_ws/install/show_msg/lib/python3.8/site-packages/show_msg/show_msg.py to show_msg.cpython-38.pyc
[1.715s] Sorry: TabError: inconsistent use of tabs and spaces in indentation (show_msg.py, line 24)
[1.715s] running install_data
[1.716s] creating /home/carlos/turtlebot3_ws/install/show_msg/share/ament_index
[1.716s] creating /home/carlos/turtlebot3_ws/install/show_msg/share/ament_index/resource_index
[1.716s] creating /home/carlos/turtlebot3_ws/install/show_msg/share/ament_index/resource_index/packages
[1.717s] copying resource/show_msg -> /home/carlos/turtlebot3_ws/install/show_msg/share/ament_index/resource_index/packages
[1.717s] copying package.xml -> /home/carlos/turtlebot3_ws/install/show_msg/share/show_msg
[1.717s] copying launch/show_msg.launch.py -> /home/carlos/turtlebot3_ws/install/show_msg/share/show_msg
[1.718s] running install_egg_info
[1.720s] Copying ../../build/show_msg/show_msg.egg-info to /home/carlos/turtlebot3_ws/install/show_msg/lib/python3.8/site-packages/show_msg-0.0.0-py3.8.egg-info
[1.722s] running install_scripts
[1.753s] Installing show_msg script to /home/carlos/turtlebot3_ws/install/show_msg/lib/show_msg
[1.754s] writing list of installed files to '/home/carlos/turtlebot3_ws/build/show_msg/install.log'
[1.788s] Invoked command in '/home/carlos/turtlebot3_ws/src/show_msg' returned '0': PS1=(rosenv) \[\e]0;\u@\h: \w\a\]${debian_chroot:+($debian_chroot)}\[\033[01;32m\]\u@\h\[\033[00m\]:\[\033[01;34m\]\w\[\033[00m\]\$ PYTHONPATH=/home/carlos/turtlebot3_ws/install/show_msg/lib/python3.8/site-packages:${PYTHONPATH} /usr/bin/python3 setup.py egg_info --egg-base ../../build/show_msg build --build-base /home/carlos/turtlebot3_ws/build/show_msg/build install --prefix /home/carlos/turtlebot3_ws/install/show_msg --record /home/carlos/turtlebot3_ws/build/show_msg/install.log --single-version-externally-managed
