[2.693s] Invoking command in '/home/carlos/turtlebot3_ws/src/my_first_publisher': PS1=(rosenv) \[\e]0;\u@\h: \w\a\]${debian_chroot:+($debian_chroot)}\[\033[01;32m\]\u@\h\[\033[00m\]:\[\033[01;34m\]\w\[\033[00m\]\$ PYTHONPATH=/home/carlos/turtlebot3_ws/install/my_first_publisher/lib/python3.8/site-packages:${PYTHONPATH} /usr/bin/python3 setup.py egg_info --egg-base ../../build/my_first_publisher build --build-base /home/carlos/turtlebot3_ws/build/my_first_publisher/build install --prefix /home/carlos/turtlebot3_ws/install/my_first_publisher --record /home/carlos/turtlebot3_ws/build/my_first_publisher/install.log --single-version-externally-managed
[3.504s] running egg_info
[3.508s] writing ../../build/my_first_publisher/my_first_publisher.egg-info/PKG-INFO
[3.509s] writing dependency_links to ../../build/my_first_publisher/my_first_publisher.egg-info/dependency_links.txt
[3.516s] writing entry points to ../../build/my_first_publisher/my_first_publisher.egg-info/entry_points.txt
[3.516s] writing requirements to ../../build/my_first_publisher/my_first_publisher.egg-info/requires.txt
[3.517s] writing top-level names to ../../build/my_first_publisher/my_first_publisher.egg-info/top_level.txt
[3.680s] reading manifest file '../../build/my_first_publisher/my_first_publisher.egg-info/SOURCES.txt'
[3.682s] writing manifest file '../../build/my_first_publisher/my_first_publisher.egg-info/SOURCES.txt'
[3.683s] running build
[3.683s] running build_py
[3.692s] copying my_first_publisher/__init__.py -> /home/carlos/turtlebot3_ws/build/my_first_publisher/build/lib/my_first_publisher
[3.692s] copying my_first_publisher/simple_publisher.py -> /home/carlos/turtlebot3_ws/build/my_first_publisher/build/lib/my_first_publisher
[3.692s] running install
[3.692s] running install_lib
[3.696s] copying /home/carlos/turtlebot3_ws/build/my_first_publisher/build/lib/my_first_publisher/__init__.py -> /home/carlos/turtlebot3_ws/install/my_first_publisher/lib/python3.8/site-packages/my_first_publisher
[3.697s] copying /home/carlos/turtlebot3_ws/build/my_first_publisher/build/lib/my_first_publisher/simple_publisher.py -> /home/carlos/turtlebot3_ws/install/my_first_publisher/lib/python3.8/site-packages/my_first_publisher
[3.699s] byte-compiling /home/carlos/turtlebot3_ws/install/my_first_publisher/lib/python3.8/site-packages/my_first_publisher/__init__.py to __init__.cpython-38.pyc
[3.704s] byte-compiling /home/carlos/turtlebot3_ws/install/my_first_publisher/lib/python3.8/site-packages/my_first_publisher/simple_publisher.py to simple_publisher.cpython-38.pyc
[3.708s] running install_data
[3.710s] copying resource/my_first_publisher -> /home/carlos/turtlebot3_ws/install/my_first_publisher/share/ament_index/resource_index/packages
[3.711s] copying package.xml -> /home/carlos/turtlebot3_ws/install/my_first_publisher/share/my_first_publisher
[3.711s] running install_egg_info
[3.720s] removing '/home/carlos/turtlebot3_ws/install/my_first_publisher/lib/python3.8/site-packages/my_first_publisher-0.0.0-py3.8.egg-info' (and everything under it)
[3.721s] Copying ../../build/my_first_publisher/my_first_publisher.egg-info to /home/carlos/turtlebot3_ws/install/my_first_publisher/lib/python3.8/site-packages/my_first_publisher-0.0.0-py3.8.egg-info
[3.728s] running install_scripts
[3.788s] Installing simple_publisher script to /home/carlos/turtlebot3_ws/install/my_first_publisher/lib/my_first_publisher
[3.793s] writing list of installed files to '/home/carlos/turtlebot3_ws/build/my_first_publisher/install.log'
[3.870s] Invoked command in '/home/carlos/turtlebot3_ws/src/my_first_publisher' returned '0': PS1=(rosenv) \[\e]0;\u@\h: \w\a\]${debian_chroot:+($debian_chroot)}\[\033[01;32m\]\u@\h\[\033[00m\]:\[\033[01;34m\]\w\[\033[00m\]\$ PYTHONPATH=/home/carlos/turtlebot3_ws/install/my_first_publisher/lib/python3.8/site-packages:${PYTHONPATH} /usr/bin/python3 setup.py egg_info --egg-base ../../build/my_first_publisher build --build-base /home/carlos/turtlebot3_ws/build/my_first_publisher/build install --prefix /home/carlos/turtlebot3_ws/install/my_first_publisher --record /home/carlos/turtlebot3_ws/build/my_first_publisher/install.log --single-version-externally-managed
