[1.528s] Invoking command in '/home/carlos/turtlebot3_ws/src/my_first_service': AMENT_PREFIX_PATH=/home/carlos/turtlebot3_ws/install/custom_interface CMAKE_PREFIX_PATH=/home/carlos/turtlebot3_ws/install/custom_interface LD_LIBRARY_PATH=/home/carlos/turtlebot3_ws/install/custom_interface/lib PYTHONPATH=/home/carlos/turtlebot3_ws/install/my_first_service/lib/python3.8/site-packages:/home/carlos/turtlebot3_ws/install/custom_interface/lib/python3.8/site-packages /usr/bin/python3 setup.py egg_info --egg-base ../../build/my_first_service build --build-base /home/carlos/turtlebot3_ws/build/my_first_service/build install --prefix /home/carlos/turtlebot3_ws/install/my_first_service --record /home/carlos/turtlebot3_ws/build/my_first_service/install.log --single-version-externally-managed
[1.857s] running egg_info
[1.858s] writing ../../build/my_first_service/my_first_service.egg-info/PKG-INFO
[1.864s] writing dependency_links to ../../build/my_first_service/my_first_service.egg-info/dependency_links.txt
[1.865s] writing entry points to ../../build/my_first_service/my_first_service.egg-info/entry_points.txt
[1.866s] writing requirements to ../../build/my_first_service/my_first_service.egg-info/requires.txt
[1.866s] writing top-level names to ../../build/my_first_service/my_first_service.egg-info/top_level.txt
[1.975s] reading manifest file '../../build/my_first_service/my_first_service.egg-info/SOURCES.txt'
[1.977s] writing manifest file '../../build/my_first_service/my_first_service.egg-info/SOURCES.txt'
[1.978s] running build
[1.978s] running build_py
[1.980s] copying my_first_service/movement_client.py -> /home/carlos/turtlebot3_ws/build/my_first_service/build/lib/my_first_service
[1.981s] running install
[1.982s] running install_lib
[1.984s] copying /home/carlos/turtlebot3_ws/build/my_first_service/build/lib/my_first_service/movement_client.py -> /home/carlos/turtlebot3_ws/install/my_first_service/lib/python3.8/site-packages/my_first_service
[1.986s] byte-compiling /home/carlos/turtlebot3_ws/install/my_first_service/lib/python3.8/site-packages/my_first_service/movement_client.py to movement_client.cpython-38.pyc
[1.988s] running install_data
[1.990s] running install_egg_info
[1.993s] removing '/home/carlos/turtlebot3_ws/install/my_first_service/lib/python3.8/site-packages/my_first_service-0.0.0-py3.8.egg-info' (and everything under it)
[1.993s] Copying ../../build/my_first_service/my_first_service.egg-info to /home/carlos/turtlebot3_ws/install/my_first_service/lib/python3.8/site-packages/my_first_service-0.0.0-py3.8.egg-info
[1.996s] running install_scripts
[2.024s] Installing movement_client script to /home/carlos/turtlebot3_ws/install/my_first_service/lib/my_first_service
[2.025s] Installing movement_server script to /home/carlos/turtlebot3_ws/install/my_first_service/lib/my_first_service
[2.025s] writing list of installed files to '/home/carlos/turtlebot3_ws/build/my_first_service/install.log'
[2.063s] Invoked command in '/home/carlos/turtlebot3_ws/src/my_first_service' returned '0': AMENT_PREFIX_PATH=/home/carlos/turtlebot3_ws/install/custom_interface CMAKE_PREFIX_PATH=/home/carlos/turtlebot3_ws/install/custom_interface LD_LIBRARY_PATH=/home/carlos/turtlebot3_ws/install/custom_interface/lib PYTHONPATH=/home/carlos/turtlebot3_ws/install/my_first_service/lib/python3.8/site-packages:/home/carlos/turtlebot3_ws/install/custom_interface/lib/python3.8/site-packages /usr/bin/python3 setup.py egg_info --egg-base ../../build/my_first_service build --build-base /home/carlos/turtlebot3_ws/build/my_first_service/build install --prefix /home/carlos/turtlebot3_ws/install/my_first_service --record /home/carlos/turtlebot3_ws/build/my_first_service/install.log --single-version-externally-managed
