[1.155s] Invoking command in '/home/carlos/turtlebot3_ws/src/my_first_node': PS1=(rosenv) \[\e]0;\u@\h: \w\a\]${debian_chroot:+($debian_chroot)}\[\033[01;32m\]\u@\h\[\033[00m\]:\[\033[01;34m\]\w\[\033[00m\]\$ PYTHONPATH=/home/carlos/turtlebot3_ws/install/my_first_node/lib/python3.8/site-packages:${PYTHONPATH} /usr/bin/python3 setup.py egg_info --egg-base ../../build/my_first_node build --build-base /home/carlos/turtlebot3_ws/build/my_first_node/build install --prefix /home/carlos/turtlebot3_ws/install/my_first_node --record /home/carlos/turtlebot3_ws/build/my_first_node/install.log --single-version-externally-managed
[1.520s] running egg_info
[1.521s] writing ../../build/my_first_node/my_first_node.egg-info/PKG-INFO
[1.522s] writing dependency_links to ../../build/my_first_node/my_first_node.egg-info/dependency_links.txt
[1.522s] writing entry points to ../../build/my_first_node/my_first_node.egg-info/entry_points.txt
[1.523s] writing requirements to ../../build/my_first_node/my_first_node.egg-info/requires.txt
[1.523s] writing top-level names to ../../build/my_first_node/my_first_node.egg-info/top_level.txt
[1.597s] reading manifest file '../../build/my_first_node/my_first_node.egg-info/SOURCES.txt'
[1.599s] writing manifest file '../../build/my_first_node/my_first_node.egg-info/SOURCES.txt'
[1.600s] running build
[1.600s] running build_py
[1.601s] running install
[1.603s] running install_lib
[1.606s] running install_data
[1.607s] running install_egg_info
[1.610s] removing '/home/carlos/turtlebot3_ws/install/my_first_node/lib/python3.8/site-packages/my_first_node-0.0.0-py3.8.egg-info' (and everything under it)
[1.610s] Copying ../../build/my_first_node/my_first_node.egg-info to /home/carlos/turtlebot3_ws/install/my_first_node/lib/python3.8/site-packages/my_first_node-0.0.0-py3.8.egg-info
[1.612s] running install_scripts
[1.644s] Installing simple_node script to /home/carlos/turtlebot3_ws/install/my_first_node/lib/my_first_node
[1.646s] writing list of installed files to '/home/carlos/turtlebot3_ws/build/my_first_node/install.log'
[1.681s] Invoked command in '/home/carlos/turtlebot3_ws/src/my_first_node' returned '0': PS1=(rosenv) \[\e]0;\u@\h: \w\a\]${debian_chroot:+($debian_chroot)}\[\033[01;32m\]\u@\h\[\033[00m\]:\[\033[01;34m\]\w\[\033[00m\]\$ PYTHONPATH=/home/carlos/turtlebot3_ws/install/my_first_node/lib/python3.8/site-packages:${PYTHONPATH} /usr/bin/python3 setup.py egg_info --egg-base ../../build/my_first_node build --build-base /home/carlos/turtlebot3_ws/build/my_first_node/build install --prefix /home/carlos/turtlebot3_ws/install/my_first_node --record /home/carlos/turtlebot3_ws/build/my_first_node/install.log --single-version-externally-managed
