[0.092s] Invoking command in '/home/carlos/turtlebot3_ws/build/my_world': /usr/bin/cmake /home/carlos/turtlebot3_ws/src/my_world -DCMAKE_INSTALL_PREFIX=/home/carlos/turtlebot3_ws/install/my_world
[0.851s] -- The C compiler identification is GNU 9.4.0
[1.356s] -- The CXX compiler identification is GNU 9.4.0
[1.474s] -- Check for working C compiler: /usr/bin/cc
[1.924s] -- Check for working C compiler: /usr/bin/cc -- works
[1.929s] -- Detecting C compiler ABI info
[2.348s] -- Detecting C compiler ABI info - done
[2.466s] -- Detecting C compile features
[2.468s] -- Detecting C compile features - done
[2.490s] -- Check for working CXX compiler: /usr/bin/c++
[3.003s] -- Check for working CXX compiler: /usr/bin/c++ -- works
[3.017s] -- Detecting CXX compiler ABI info
[3.704s] -- Detecting CXX compiler ABI info - done
[3.868s] -- Detecting CXX compile features
[3.875s] -- Detecting CXX compile features - done
[3.960s] CMake Error at CMakeLists.txt:22 (find_package):
[3.960s]   By not providing "Findament_cmake.cmake" in CMAKE_MODULE_PATH this project
[3.961s]   has asked CMake to find a package configuration file provided by
[3.961s]   "ament_cmake", but CMake did not find one.
[3.962s] 
[3.962s]   Could not find a package configuration file provided by "ament_cmake" with
[3.963s]   any of the following names:
[3.963s] 
[3.963s]     ament_cmakeConfig.cmake
[3.963s]     ament_cmake-config.cmake
[3.965s] 
[3.967s]   Add the installation prefix of "ament_cmake" to CMAKE_PREFIX_PATH or set
[3.969s]   "ament_cmake_DIR" to a directory containing one of the above files.  If
[3.971s]   "ament_cmake" provides a separate development package or SDK, be sure it
[3.971s]   has been installed.
[3.973s] 
[3.973s] 
[3.979s] -- Configuring incomplete, errors occurred!
[3.979s] See also "/home/carlos/turtlebot3_ws/build/my_world/CMakeFiles/CMakeOutput.log".
[4.012s] Invoked command in '/home/carlos/turtlebot3_ws/build/my_world' returned '1': /usr/bin/cmake /home/carlos/turtlebot3_ws/src/my_world -DCMAKE_INSTALL_PREFIX=/home/carlos/turtlebot3_ws/install/my_world
