[0.051s] Invoking command in '/home/carlos/turtlebot3_ws/build/package_name': CMAKE_PREFIX_PATH=${CMAKE_PREFIX_PATH}:/home/carlos/turtlebot3_ws/install/my_first_node:/opt/ros/foxy PS1=(rosenv) \[\e]0;\u@\h: \w\a\]${debian_chroot:+($debian_chroot)}\[\033[01;32m\]\u@\h\[\033[00m\]:\[\033[01;34m\]\w\[\033[00m\]\$ /usr/bin/cmake /home/carlos/turtlebot3_ws/package_name -DCMAKE_INSTALL_PREFIX=/home/carlos/turtlebot3_ws/install/package_name
[0.162s] -- Found ament_cmake: 0.9.9 (/opt/ros/foxy/share/ament_cmake/cmake)
[0.223s] -- Using PYTHON_EXECUTABLE: /home/carlos/virtualenvs/rosenv/bin/python3
[0.625s] -- Found ament_lint_auto: 0.9.6 (/opt/ros/foxy/share/ament_lint_auto/cmake)
[0.691s] Traceback (most recent call last):
[0.692s]   File "/opt/ros/foxy/share/ament_cmake_core/cmake/core/package_xml_2_cmake.py", line 21, in <module>
[0.692s]     from catkin_pkg.package import parse_package_string
[0.692s] ModuleNotFoundError: No module named 'catkin_pkg'
[0.699s] CMake Error at /opt/ros/foxy/share/ament_cmake_core/cmake/core/ament_package_xml.cmake:94 (message):
[0.701s]   execute_process(/home/carlos/virtualenvs/rosenv/bin/python3
[0.702s]   /opt/ros/foxy/share/ament_cmake_core/cmake/core/package_xml_2_cmake.py
[0.702s]   /home/carlos/turtlebot3_ws/package_name/package.xml
[0.702s]   /home/carlos/turtlebot3_ws/build/package_name/ament_cmake_core/package.cmake)
[0.702s]   returned error code 1
[0.703s] Call Stack (most recent call first):
[0.703s]   /opt/ros/foxy/share/ament_cmake_core/cmake/core/ament_package_xml.cmake:49 (_ament_package_xml)
[0.704s]   /opt/ros/foxy/share/ament_lint_auto/cmake/ament_lint_auto_find_test_dependencies.cmake:31 (ament_package_xml)
[0.704s]   CMakeLists.txt:32 (ament_lint_auto_find_test_dependencies)
[0.704s] 
[0.704s] 
[0.704s] -- Configuring incomplete, errors occurred!
[0.704s] See also "/home/carlos/turtlebot3_ws/build/package_name/CMakeFiles/CMakeOutput.log".
[0.717s] Invoked command in '/home/carlos/turtlebot3_ws/build/package_name' returned '1': CMAKE_PREFIX_PATH=${CMAKE_PREFIX_PATH}:/home/carlos/turtlebot3_ws/install/my_first_node:/opt/ros/foxy PS1=(rosenv) \[\e]0;\u@\h: \w\a\]${debian_chroot:+($debian_chroot)}\[\033[01;32m\]\u@\h\[\033[00m\]:\[\033[01;34m\]\w\[\033[00m\]\$ /usr/bin/cmake /home/carlos/turtlebot3_ws/package_name -DCMAKE_INSTALL_PREFIX=/home/carlos/turtlebot3_ws/install/package_name
