[0.022s] Invoking command in '/home/carlos/turtlebot3_ws/build/custom_interface': CMAKE_PREFIX_PATH=${CMAKE_PREFIX_PATH}:/home/carlos/turtlebot3_ws/install/my_first_subscriber:/home/carlos/turtlebot3_ws/install/my_first_publisher:/home/carlos/turtlebot3_ws/install/my_first_node:/opt/ros/foxy PS1=(rosenv) \[\e]0;\u@\h: \w\a\]${debian_chroot:+($debian_chroot)}\[\033[01;32m\]\u@\h\[\033[00m\]:\[\033[01;34m\]\w\[\033[00m\]\$ /usr/bin/cmake /home/carlos/turtlebot3_ws/src/custom_interface -DCMAKE_INSTALL_PREFIX=/home/carlos/turtlebot3_ws/install/custom_interface
[0.066s] -- Found ament_cmake: 0.9.9 (/opt/ros/foxy/share/ament_cmake/cmake)
[0.133s] -- Using PYTHON_EXECUTABLE: /home/carlos/virtualenvs/rosenv/bin/python3
[0.356s] -- Found rclcpp: 2.4.0 (/opt/ros/foxy/share/rclcpp/cmake)
[0.422s] -- Using all available rosidl_typesupport_c: rosidl_typesupport_fastrtps_c;rosidl_typesupport_introspection_c
[0.433s] -- Found rosidl_adapter: 1.2.1 (/opt/ros/foxy/share/rosidl_adapter/cmake)
[0.667s] -- Using all available rosidl_typesupport_cpp: rosidl_typesupport_fastrtps_cpp;rosidl_typesupport_introspection_cpp
[0.773s] -- Found rmw_implementation_cmake: 1.0.3 (/opt/ros/foxy/share/rmw_implementation_cmake/cmake)
[0.776s] -- Using RMW implementation 'rmw_fastrtps_cpp' as default
[1.100s] -- Found rosidl_default_generators: 1.0.1 (/opt/ros/foxy/share/rosidl_default_generators/cmake)
[1.137s] -- Found ament_lint_auto: 0.9.6 (/opt/ros/foxy/share/ament_lint_auto/cmake)
[1.578s] -- Found PythonInterp: /home/carlos/virtualenvs/rosenv/bin/python3 (found version "3.8.10") 
[1.668s] CMake Error at /opt/ros/foxy/share/rosidl_adapter/cmake/rosidl_adapt_interfaces.cmake:60 (message):
[1.668s]   execute_process(/home/carlos/virtualenvs/rosenv/bin/python3 -m
[1.668s]   rosidl_adapter --package-name custom_interface --arguments-file
[1.669s]   /home/carlos/turtlebot3_ws/build/custom_interface/rosidl_adapter__arguments__custom_interface.json
[1.669s]   --output-dir
[1.669s]   /home/carlos/turtlebot3_ws/build/custom_interface/rosidl_adapter/custom_interface
[1.669s]   --output-file
[1.669s]   /home/carlos/turtlebot3_ws/build/custom_interface/rosidl_adapter/custom_interface.idls)
[1.669s]   returned error code 1:
[1.669s] 
[1.669s]   Traceback (most recent call last):
[1.669s] 
[1.670s]     File "/usr/lib/python3.8/runpy.py", line 194, in _run_module_as_main
[1.670s]       return _run_code(code, main_globals, None,
[1.670s]     File "/usr/lib/python3.8/runpy.py", line 87, in _run_code
[1.672s]       exec(code, run_globals)
[1.672s]     File "/opt/ros/foxy/lib/python3.8/site-packages/rosidl_adapter/__main__.py", line 19, in <module>
[1.672s]       sys.exit(main())
[1.672s]     File "/opt/ros/foxy/lib/python3.8/site-packages/rosidl_adapter/main.py", line 53, in main
[1.672s]       abs_idl_file = convert_to_idl(
[1.673s]     File "/opt/ros/foxy/lib/python3.8/site-packages/rosidl_adapter/__init__.py", line 18, in convert_to_idl
[1.673s]       from rosidl_adapter.msg import convert_msg_to_idl
[1.673s]     File "/opt/ros/foxy/lib/python3.8/site-packages/rosidl_adapter/msg/__init__.py", line 16, in <module>
[1.673s]       from rosidl_adapter.resource import expand_template
[1.673s]     File "/opt/ros/foxy/lib/python3.8/site-packages/rosidl_adapter/resource/__init__.py", line 19, in <module>
[1.673s]       import em
[1.673s] 
[1.673s]   ModuleNotFoundError: No module named 'em'
[1.673s] 
[1.674s] Call Stack (most recent call first):
[1.674s]   /opt/ros/foxy/share/rosidl_cmake/cmake/rosidl_generate_interfaces.cmake:130 (rosidl_adapt_interfaces)
[1.674s]   CMakeLists.txt:40 (rosidl_generate_interfaces)
[1.674s] 
[1.674s] 
[1.677s] -- Configuring incomplete, errors occurred!
[1.677s] See also "/home/carlos/turtlebot3_ws/build/custom_interface/CMakeFiles/CMakeOutput.log".
[1.677s] See also "/home/carlos/turtlebot3_ws/build/custom_interface/CMakeFiles/CMakeError.log".
[1.687s] Invoked command in '/home/carlos/turtlebot3_ws/build/custom_interface' returned '1': CMAKE_PREFIX_PATH=${CMAKE_PREFIX_PATH}:/home/carlos/turtlebot3_ws/install/my_first_subscriber:/home/carlos/turtlebot3_ws/install/my_first_publisher:/home/carlos/turtlebot3_ws/install/my_first_node:/opt/ros/foxy PS1=(rosenv) \[\e]0;\u@\h: \w\a\]${debian_chroot:+($debian_chroot)}\[\033[01;32m\]\u@\h\[\033[00m\]:\[\033[01;34m\]\w\[\033[00m\]\$ /usr/bin/cmake /home/carlos/turtlebot3_ws/src/custom_interface -DCMAKE_INSTALL_PREFIX=/home/carlos/turtlebot3_ws/install/custom_interface
