[  3%] [34m[1mGenerating C++ code for ROS interfaces[0m
[  3%] Built target custom_interface__cpp
[  6%] [34m[1mGenerating C++ introspection for ROS interfaces[0m
[35m[1mScanning dependencies of target custom_interface__rosidl_typesupport_introspection_cpp[0m
[  9%] [32mBuilding CXX object CMakeFiles/custom_interface__rosidl_typesupport_introspection_cpp.dir/rosidl_typesupport_introspection_cpp/custom_interface/msg/detail/distvel__type_support.cpp.o[0m
[ 12%] [32m[1mLinking CXX shared library libcustom_interface__rosidl_typesupport_introspection_cpp.so[0m
[ 12%] Built target custom_interface__rosidl_typesupport_introspection_cpp
[ 16%] [34m[1mGenerating C++ type support dispatch for ROS interfaces[0m
[35m[1mScanning dependencies of target custom_interface__rosidl_typesupport_cpp[0m
[ 19%] [32mBuilding CXX object CMakeFiles/custom_interface__rosidl_typesupport_cpp.dir/rosidl_typesupport_cpp/custom_interface/msg/distvel__type_support.cpp.o[0m
[ 22%] [32m[1mLinking CXX shared library libcustom_interface__rosidl_typesupport_cpp.so[0m
[ 22%] Built target custom_interface__rosidl_typesupport_cpp
[ 25%] [34m[1mGenerating C code for ROS interfaces[0m
[35m[1mScanning dependencies of target custom_interface__rosidl_generator_c[0m
[ 29%] [32mBuilding C object CMakeFiles/custom_interface__rosidl_generator_c.dir/rosidl_generator_c/custom_interface/msg/detail/distvel__functions.c.o[0m
[ 32%] [32m[1mLinking C shared library libcustom_interface__rosidl_generator_c.so[0m
[ 32%] Built target custom_interface__rosidl_generator_c
[ 35%] [34m[1mGenerating C++ type support for eProsima Fast-RTPS[0m
[35m[1mScanning dependencies of target custom_interface__rosidl_typesupport_fastrtps_cpp[0m
[ 38%] [32mBuilding CXX object CMakeFiles/custom_interface__rosidl_typesupport_fastrtps_cpp.dir/rosidl_typesupport_fastrtps_cpp/custom_interface/msg/detail/dds_fastrtps/distvel__type_support.cpp.o[0m
[ 41%] [32m[1mLinking CXX shared library libcustom_interface__rosidl_typesupport_fastrtps_cpp.so[0m
[ 41%] Built target custom_interface__rosidl_typesupport_fastrtps_cpp
[ 45%] [34m[1mGenerating C type support for eProsima Fast-RTPS[0m
[35m[1mScanning dependencies of target custom_interface__rosidl_typesupport_fastrtps_c[0m
[ 48%] [32mBuilding CXX object CMakeFiles/custom_interface__rosidl_typesupport_fastrtps_c.dir/rosidl_typesupport_fastrtps_c/custom_interface/msg/detail/distvel__type_support_c.cpp.o[0m
[ 51%] [32m[1mLinking CXX shared library libcustom_interface__rosidl_typesupport_fastrtps_c.so[0m
[ 51%] Built target custom_interface__rosidl_typesupport_fastrtps_c
[ 54%] [34m[1mGenerating C introspection for ROS interfaces[0m
[35m[1mScanning dependencies of target custom_interface__rosidl_typesupport_introspection_c[0m
[ 58%] [32mBuilding C object CMakeFiles/custom_interface__rosidl_typesupport_introspection_c.dir/rosidl_typesupport_introspection_c/custom_interface/msg/detail/distvel__type_support.c.o[0m
[ 61%] [32m[1mLinking C shared library libcustom_interface__rosidl_typesupport_introspection_c.so[0m
[ 61%] Built target custom_interface__rosidl_typesupport_introspection_c
[ 64%] [34m[1mGenerating C type support dispatch for ROS interfaces[0m
[35m[1mScanning dependencies of target custom_interface__rosidl_typesupport_c[0m
[ 67%] [32mBuilding CXX object CMakeFiles/custom_interface__rosidl_typesupport_c.dir/rosidl_typesupport_c/custom_interface/msg/distvel__type_support.cpp.o[0m
[ 70%] [32m[1mLinking CXX shared library libcustom_interface__rosidl_typesupport_c.so[0m
[ 70%] Built target custom_interface__rosidl_typesupport_c
[35m[1mScanning dependencies of target custom_interface[0m
[ 70%] Built target custom_interface
[35m[1mScanning dependencies of target custom_interface__py[0m
[ 74%] [34m[1mGenerating Python code for ROS interfaces[0m
