[0.022s] Invoking command in '/home/carlos/turtlebot3_ws/build/custom_interface': CMAKE_PREFIX_PATH=${CMAKE_PREFIX_PATH}:/home/carlos/turtlebot3_ws/install/my_first_subscriber:/home/carlos/turtlebot3_ws/install/my_first_publisher:/home/carlos/turtlebot3_ws/install/my_first_node:/opt/ros/foxy PS1=(rosenv) \[\e]0;\u@\h: \w\a\]${debian_chroot:+($debian_chroot)}\[\033[01;32m\]\u@\h\[\033[00m\]:\[\033[01;34m\]\w\[\033[00m\]\$ /usr/bin/cmake --build /home/carlos/turtlebot3_ws/build/custom_interface -- -j1 -l1
[0.125s] [  3%] [34m[1mGenerating C++ code for ROS interfaces[0m
[0.649s] [  3%] Built target custom_interface__cpp
[0.665s] [  6%] [34m[1mGenerating C++ introspection for ROS interfaces[0m
[1.166s] [35m[1mScanning dependencies of target custom_interface__rosidl_typesupport_introspection_cpp[0m
[1.193s] [  9%] [32mBuilding CXX object CMakeFiles/custom_interface__rosidl_typesupport_introspection_cpp.dir/rosidl_typesupport_introspection_cpp/custom_interface/msg/detail/distvel__type_support.cpp.o[0m
[1.832s] [ 12%] [32m[1mLinking CXX shared library libcustom_interface__rosidl_typesupport_introspection_cpp.so[0m
[1.892s] [ 12%] Built target custom_interface__rosidl_typesupport_introspection_cpp
[1.906s] [ 16%] [34m[1mGenerating C++ type support dispatch for ROS interfaces[0m
[2.356s] [35m[1mScanning dependencies of target custom_interface__rosidl_typesupport_cpp[0m
[2.381s] [ 19%] [32mBuilding CXX object CMakeFiles/custom_interface__rosidl_typesupport_cpp.dir/rosidl_typesupport_cpp/custom_interface/msg/distvel__type_support.cpp.o[0m
[2.830s] [ 22%] [32m[1mLinking CXX shared library libcustom_interface__rosidl_typesupport_cpp.so[0m
[2.901s] [ 22%] Built target custom_interface__rosidl_typesupport_cpp
[2.914s] [ 25%] [34m[1mGenerating C code for ROS interfaces[0m
[3.453s] [35m[1mScanning dependencies of target custom_interface__rosidl_generator_c[0m
[3.469s] [ 29%] [32mBuilding C object CMakeFiles/custom_interface__rosidl_generator_c.dir/rosidl_generator_c/custom_interface/msg/detail/distvel__functions.c.o[0m
[3.534s] [ 32%] [32m[1mLinking C shared library libcustom_interface__rosidl_generator_c.so[0m
[3.585s] [ 32%] Built target custom_interface__rosidl_generator_c
[3.598s] [ 35%] [34m[1mGenerating C++ type support for eProsima Fast-RTPS[0m
[4.093s] [35m[1mScanning dependencies of target custom_interface__rosidl_typesupport_fastrtps_cpp[0m
[4.120s] [ 38%] [32mBuilding CXX object CMakeFiles/custom_interface__rosidl_typesupport_fastrtps_cpp.dir/rosidl_typesupport_fastrtps_cpp/custom_interface/msg/detail/dds_fastrtps/distvel__type_support.cpp.o[0m
[4.825s] [ 41%] [32m[1mLinking CXX shared library libcustom_interface__rosidl_typesupport_fastrtps_cpp.so[0m
[4.974s] [ 41%] Built target custom_interface__rosidl_typesupport_fastrtps_cpp
[4.990s] [ 45%] [34m[1mGenerating C type support for eProsima Fast-RTPS[0m
[5.478s] [35m[1mScanning dependencies of target custom_interface__rosidl_typesupport_fastrtps_c[0m
[5.502s] [ 48%] [32mBuilding CXX object CMakeFiles/custom_interface__rosidl_typesupport_fastrtps_c.dir/rosidl_typesupport_fastrtps_c/custom_interface/msg/detail/distvel__type_support_c.cpp.o[0m
[6.026s] [ 51%] [32m[1mLinking CXX shared library libcustom_interface__rosidl_typesupport_fastrtps_c.so[0m
[6.185s] [ 51%] Built target custom_interface__rosidl_typesupport_fastrtps_c
[6.201s] [ 54%] [34m[1mGenerating C introspection for ROS interfaces[0m
[6.696s] [35m[1mScanning dependencies of target custom_interface__rosidl_typesupport_introspection_c[0m
[6.716s] [ 58%] [32mBuilding C object CMakeFiles/custom_interface__rosidl_typesupport_introspection_c.dir/rosidl_typesupport_introspection_c/custom_interface/msg/detail/distvel__type_support.c.o[0m
[6.769s] [ 61%] [32m[1mLinking C shared library libcustom_interface__rosidl_typesupport_introspection_c.so[0m
[6.813s] [ 61%] Built target custom_interface__rosidl_typesupport_introspection_c
[6.827s] [ 64%] [34m[1mGenerating C type support dispatch for ROS interfaces[0m
[7.302s] [35m[1mScanning dependencies of target custom_interface__rosidl_typesupport_c[0m
[7.320s] [ 67%] [32mBuilding CXX object CMakeFiles/custom_interface__rosidl_typesupport_c.dir/rosidl_typesupport_c/custom_interface/msg/distvel__type_support.cpp.o[0m
[7.367s] [ 70%] [32m[1mLinking CXX shared library libcustom_interface__rosidl_typesupport_c.so[0m
[7.423s] [ 70%] Built target custom_interface__rosidl_typesupport_c
[7.437s] [35m[1mScanning dependencies of target custom_interface[0m
[7.451s] [ 70%] Built target custom_interface
[7.467s] [35m[1mScanning dependencies of target custom_interface__py[0m
[7.481s] [ 74%] [34m[1mGenerating Python code for ROS interfaces[0m
[7.870s] ModuleNotFoundError in template '/opt/ros/foxy/share/rosidl_generator_py/cmake/../resource/_msg.py.em': No module named 'numpy'
[7.870s] ModuleNotFoundError when expanding '_idl.py.em' into '/home/carlos/turtlebot3_ws/build/custom_interface/rosidl_generator_py/custom_interface/msg/_distvel.py': No module named 'numpy'
[7.870s] Error processing idl file: /home/carlos/turtlebot3_ws/build/custom_interface/rosidl_adapter/custom_interface/msg/Distvel.idl
[7.871s] Traceback (most recent call last):
[7.871s]   File "/opt/ros/foxy/share/rosidl_generator_py/cmake/../../../lib/rosidl_generator_py/rosidl_generator_py", line 40, in <module>
[7.871s]     sys.exit(main())
[7.872s]   File "/opt/ros/foxy/share/rosidl_generator_py/cmake/../../../lib/rosidl_generator_py/rosidl_generator_py", line 36, in main
[7.872s]     return generate_py(args.generator_arguments_file, args.typesupport_impls.split(';'))
[7.872s]   File "/opt/ros/foxy/lib/python3.8/site-packages/rosidl_generator_py/generate_py_impl.py", line 61, in generate_py
[7.872s]     generate_files(generator_arguments_file, mapping)
[7.872s]   File "/opt/ros/foxy/lib/python3.8/site-packages/rosidl_cmake/__init__.py", line 96, in generate_files
[7.873s]     raise(e)
[7.873s]   File "/opt/ros/foxy/lib/python3.8/site-packages/rosidl_cmake/__init__.py", line 87, in generate_files
[7.873s]     expand_template(
[7.873s]   File "/opt/ros/foxy/lib/python3.8/site-packages/rosidl_cmake/__init__.py", line 149, in expand_template
[7.874s]     interpreter.string(template_content, template_path, locals=data)
[7.874s]   File "/home/carlos/virtualenvs/rosenv/lib/python3.8/site-packages/em.py", line 2391, in string
[7.875s]     self.safe(scanner, True, locals)
[7.875s]   File "/home/carlos/virtualenvs/rosenv/lib/python3.8/site-packages/em.py", line 2401, in safe
[7.876s]     self.parse(scanner, locals)
[7.876s]   File "/home/carlos/virtualenvs/rosenv/lib/python3.8/site-packages/em.py", line 2421, in parse
[7.877s]     token.run(self, locals)
[7.877s]   File "/home/carlos/virtualenvs/rosenv/lib/python3.8/site-packages/em.py", line 1547, in run
[7.878s]     self.subrun(info[0][1], interpreter, locals)
[7.878s]   File "/home/carlos/virtualenvs/rosenv/lib/python3.8/site-packages/em.py", line 1631, in subrun
[7.879s]     token.run(interpreter, locals)
[7.879s]   File "/home/carlos/virtualenvs/rosenv/lib/python3.8/site-packages/em.py", line 1425, in run
[7.880s]     interpreter.execute(self.code, locals)
[7.880s]   File "/home/carlos/virtualenvs/rosenv/lib/python3.8/site-packages/em.py", line 2596, in execute
[7.881s]     _exec(statements, self.globals, locals)
[7.881s]   File "<string>", line 2, in <module>
[7.882s]   File "/opt/ros/foxy/lib/python3.8/site-packages/rosidl_cmake/__init__.py", line 198, in _expand_template
[7.882s]     interpreter.string(content, str(template_path), kwargs)
[7.882s]   File "/home/carlos/virtualenvs/rosenv/lib/python3.8/site-packages/em.py", line 2391, in string
[7.883s]     self.safe(scanner, True, locals)
[7.883s]   File "/home/carlos/virtualenvs/rosenv/lib/python3.8/site-packages/em.py", line 2401, in safe
[7.884s]     self.parse(scanner, locals)
[7.884s]   File "/home/carlos/virtualenvs/rosenv/lib/python3.8/site-packages/em.py", line 2421, in parse
[7.885s]     token.run(self, locals)
[7.886s]   File "/home/carlos/virtualenvs/rosenv/lib/python3.8/site-packages/em.py", line 1425, in run
[7.886s]     interpreter.execute(self.code, locals)
[7.887s]   File "/home/carlos/virtualenvs/rosenv/lib/python3.8/site-packages/em.py", line 2596, in execute
[7.888s]     _exec(statements, self.globals, locals)
[7.888s]   File "<string>", line 3, in <module>
[7.888s] ModuleNotFoundError: No module named 'numpy'
[7.899s] Exception ignored in: <function Interpreter.__del__ at 0x7f418fce00d0>
[7.900s] Traceback (most recent call last):
[7.900s]   File "/home/carlos/virtualenvs/rosenv/lib/python3.8/site-packages/em.py", line 2094, in __del__
[7.900s]   File "/home/carlos/virtualenvs/rosenv/lib/python3.8/site-packages/em.py", line 2157, in shutdown
[7.900s]   File "/home/carlos/virtualenvs/rosenv/lib/python3.8/site-packages/em.py", line 2647, in finalize
[7.900s]   File "/home/carlos/virtualenvs/rosenv/lib/python3.8/site-packages/em.py", line 2200, in push
[7.901s] AttributeError: '_io.TextIOWrapper' object has no attribute 'push'
[7.910s] make[2]: *** [custom_interface__py/CMakeFiles/custom_interface__py.dir/build.make:79: rosidl_generator_py/custom_interface/_custom_interface_s.ep.rosidl_typesupport_fastrtps_c.c] Error 1
[7.916s] make[1]: *** [CMakeFiles/Makefile2:553: custom_interface__py/CMakeFiles/custom_interface__py.dir/all] Error 2
[7.917s] make: *** [Makefile:141: all] Error 2
[7.917s] Invoked command in '/home/carlos/turtlebot3_ws/build/custom_interface' returned '2': CMAKE_PREFIX_PATH=${CMAKE_PREFIX_PATH}:/home/carlos/turtlebot3_ws/install/my_first_subscriber:/home/carlos/turtlebot3_ws/install/my_first_publisher:/home/carlos/turtlebot3_ws/install/my_first_node:/opt/ros/foxy PS1=(rosenv) \[\e]0;\u@\h: \w\a\]${debian_chroot:+($debian_chroot)}\[\033[01;32m\]\u@\h\[\033[00m\]:\[\033[01;34m\]\w\[\033[00m\]\$ /usr/bin/cmake --build /home/carlos/turtlebot3_ws/build/custom_interface -- -j1 -l1
