[  3%] Built target custom_interface__cpp
[ 12%] Built target custom_interface__rosidl_typesupport_introspection_cpp
[ 22%] Built target custom_interface__rosidl_typesupport_cpp
[ 32%] Built target custom_interface__rosidl_generator_c
[ 41%] Built target custom_interface__rosidl_typesupport_fastrtps_cpp
[ 51%] Built target custom_interface__rosidl_typesupport_fastrtps_c
[ 61%] Built target custom_interface__rosidl_typesupport_introspection_c
[ 70%] Built target custom_interface__rosidl_typesupport_c
[ 70%] Built target custom_interface
[ 74%] [34m[1mGenerating Python code for ROS interfaces[0m
[ 74%] Built target custom_interface__py
[35m[1mScanning dependencies of target custom_interface__python[0m
[ 77%] [32mBuilding C object CMakeFiles/custom_interface__python.dir/rosidl_generator_py/custom_interface/msg/_distvel_s.c.o[0m
[ 80%] [32m[1mLinking C shared library rosidl_generator_py/custom_interface/libcustom_interface__python.so[0m
[ 80%] Built target custom_interface__python
[35m[1mScanning dependencies of target custom_interface__rosidl_typesupport_c__pyext[0m
[ 83%] [32mBuilding C object CMakeFiles/custom_interface__rosidl_typesupport_c__pyext.dir/rosidl_generator_py/custom_interface/_custom_interface_s.ep.rosidl_typesupport_c.c.o[0m
[ 87%] [32m[1mLinking C shared library rosidl_generator_py/custom_interface/custom_interface_s__rosidl_typesupport_c.cpython-38-x86_64-linux-gnu.so[0m
[ 87%] Built target custom_interface__rosidl_typesupport_c__pyext
[35m[1mScanning dependencies of target custom_interface__rosidl_typesupport_introspection_c__pyext[0m
[ 90%] [32mBuilding C object CMakeFiles/custom_interface__rosidl_typesupport_introspection_c__pyext.dir/rosidl_generator_py/custom_interface/_custom_interface_s.ep.rosidl_typesupport_introspection_c.c.o[0m
[ 93%] [32m[1mLinking C shared library rosidl_generator_py/custom_interface/custom_interface_s__rosidl_typesupport_introspection_c.cpython-38-x86_64-linux-gnu.so[0m
[ 93%] Built target custom_interface__rosidl_typesupport_introspection_c__pyext
[35m[1mScanning dependencies of target custom_interface__rosidl_typesupport_fastrtps_c__pyext[0m
[ 96%] [32mBuilding C object CMakeFiles/custom_interface__rosidl_typesupport_fastrtps_c__pyext.dir/rosidl_generator_py/custom_interface/_custom_interface_s.ep.rosidl_typesupport_fastrtps_c.c.o[0m
[100%] [32m[1mLinking CXX shared library rosidl_generator_py/custom_interface/custom_interface_s__rosidl_typesupport_fastrtps_c.cpython-38-x86_64-linux-gnu.so[0m
[100%] Built target custom_interface__rosidl_typesupport_fastrtps_c__pyext
-- Install configuration: ""
-- Installing: /home/carlos/turtlebot3_ws/install/custom_interface/share/ament_index/resource_index/rosidl_interfaces/custom_interface
-- Installing: /home/carlos/turtlebot3_ws/install/custom_interface/include/custom_interface
-- Installing: /home/carlos/turtlebot3_ws/install/custom_interface/include/custom_interface/msg
-- Installing: /home/carlos/turtlebot3_ws/install/custom_interface/include/custom_interface/msg/detail
-- Installing: /home/carlos/turtlebot3_ws/install/custom_interface/include/custom_interface/msg/detail/distvel__functions.h
-- Installing: /home/carlos/turtlebot3_ws/install/custom_interface/include/custom_interface/msg/detail/distvel__functions.c
-- Installing: /home/carlos/turtlebot3_ws/install/custom_interface/include/custom_interface/msg/detail/distvel__struct.h
-- Installing: /home/carlos/turtlebot3_ws/install/custom_interface/include/custom_interface/msg/detail/distvel__type_support.h
-- Installing: /home/carlos/turtlebot3_ws/install/custom_interface/include/custom_interface/msg/distvel.h
-- Installing: /home/carlos/turtlebot3_ws/install/custom_interface/include/custom_interface/msg/rosidl_generator_c__visibility_control.h
-- Installing: /home/carlos/turtlebot3_ws/install/custom_interface/share/custom_interface/environment/library_path.sh
-- Installing: /home/carlos/turtlebot3_ws/install/custom_interface/share/custom_interface/environment/library_path.dsv
-- Installing: /home/carlos/turtlebot3_ws/install/custom_interface/lib/libcustom_interface__rosidl_generator_c.so
-- Set runtime path of "/home/carlos/turtlebot3_ws/install/custom_interface/lib/libcustom_interface__rosidl_generator_c.so" to ""
-- Up-to-date: /home/carlos/turtlebot3_ws/install/custom_interface/include/custom_interface
-- Up-to-date: /home/carlos/turtlebot3_ws/install/custom_interface/include/custom_interface/msg
-- Up-to-date: /home/carlos/turtlebot3_ws/install/custom_interface/include/custom_interface/msg/detail
-- Installing: /home/carlos/turtlebot3_ws/install/custom_interface/include/custom_interface/msg/detail/distvel__rosidl_typesupport_fastrtps_c.h
-- Installing: /home/carlos/turtlebot3_ws/install/custom_interface/include/custom_interface/msg/rosidl_typesupport_fastrtps_c__visibility_control.h
-- Installing: /home/carlos/turtlebot3_ws/install/custom_interface/lib/libcustom_interface__rosidl_typesupport_fastrtps_c.so
-- Set runtime path of "/home/carlos/turtlebot3_ws/install/custom_interface/lib/libcustom_interface__rosidl_typesupport_fastrtps_c.so" to ""
-- Up-to-date: /home/carlos/turtlebot3_ws/install/custom_interface/include/custom_interface
-- Up-to-date: /home/carlos/turtlebot3_ws/install/custom_interface/include/custom_interface/msg
-- Up-to-date: /home/carlos/turtlebot3_ws/install/custom_interface/include/custom_interface/msg/detail
-- Installing: /home/carlos/turtlebot3_ws/install/custom_interface/include/custom_interface/msg/detail/distvel__rosidl_typesupport_fastrtps_cpp.hpp
-- Installing: /home/carlos/turtlebot3_ws/install/custom_interface/include/custom_interface/msg/detail/dds_fastrtps
-- Installing: /home/carlos/turtlebot3_ws/install/custom_interface/include/custom_interface/msg/rosidl_typesupport_fastrtps_cpp__visibility_control.h
-- Installing: /home/carlos/turtlebot3_ws/install/custom_interface/lib/libcustom_interface__rosidl_typesupport_fastrtps_cpp.so
-- Set runtime path of "/home/carlos/turtlebot3_ws/install/custom_interface/lib/libcustom_interface__rosidl_typesupport_fastrtps_cpp.so" to ""
-- Up-to-date: /home/carlos/turtlebot3_ws/install/custom_interface/include/custom_interface
-- Up-to-date: /home/carlos/turtlebot3_ws/install/custom_interface/include/custom_interface/msg
-- Up-to-date: /home/carlos/turtlebot3_ws/install/custom_interface/include/custom_interface/msg/detail
-- Installing: /home/carlos/turtlebot3_ws/install/custom_interface/include/custom_interface/msg/detail/distvel__rosidl_typesupport_introspection_c.h
-- Installing: /home/carlos/turtlebot3_ws/install/custom_interface/include/custom_interface/msg/detail/distvel__type_support.c
-- Installing: /home/carlos/turtlebot3_ws/install/custom_interface/include/custom_interface/msg/rosidl_typesupport_introspection_c__visibility_control.h
-- Installing: /home/carlos/turtlebot3_ws/install/custom_interface/lib/libcustom_interface__rosidl_typesupport_introspection_c.so
-- Set runtime path of "/home/carlos/turtlebot3_ws/install/custom_interface/lib/libcustom_interface__rosidl_typesupport_introspection_c.so" to ""
-- Installing: /home/carlos/turtlebot3_ws/install/custom_interface/lib/libcustom_interface__rosidl_typesupport_c.so
-- Set runtime path of "/home/carlos/turtlebot3_ws/install/custom_interface/lib/libcustom_interface__rosidl_typesupport_c.so" to ""
-- Up-to-date: /home/carlos/turtlebot3_ws/install/custom_interface/include/custom_interface
-- Up-to-date: /home/carlos/turtlebot3_ws/install/custom_interface/include/custom_interface/msg
-- Up-to-date: /home/carlos/turtlebot3_ws/install/custom_interface/include/custom_interface/msg/detail
-- Installing: /home/carlos/turtlebot3_ws/install/custom_interface/include/custom_interface/msg/detail/distvel__builder.hpp
-- Installing: /home/carlos/turtlebot3_ws/install/custom_interface/include/custom_interface/msg/detail/distvel__traits.hpp
-- Installing: /home/carlos/turtlebot3_ws/install/custom_interface/include/custom_interface/msg/detail/distvel__struct.hpp
-- Installing: /home/carlos/turtlebot3_ws/install/custom_interface/include/custom_interface/msg/distvel.hpp
-- Up-to-date: /home/carlos/turtlebot3_ws/install/custom_interface/include/custom_interface
-- Up-to-date: /home/carlos/turtlebot3_ws/install/custom_interface/include/custom_interface/msg
-- Up-to-date: /home/carlos/turtlebot3_ws/install/custom_interface/include/custom_interface/msg/detail
-- Installing: /home/carlos/turtlebot3_ws/install/custom_interface/include/custom_interface/msg/detail/distvel__type_support.cpp
-- Installing: /home/carlos/turtlebot3_ws/install/custom_interface/include/custom_interface/msg/detail/distvel__rosidl_typesupport_introspection_cpp.hpp
-- Installing: /home/carlos/turtlebot3_ws/install/custom_interface/lib/libcustom_interface__rosidl_typesupport_introspection_cpp.so
-- Set runtime path of "/home/carlos/turtlebot3_ws/install/custom_interface/lib/libcustom_interface__rosidl_typesupport_introspection_cpp.so" to ""
-- Installing: /home/carlos/turtlebot3_ws/install/custom_interface/lib/libcustom_interface__rosidl_typesupport_cpp.so
-- Set runtime path of "/home/carlos/turtlebot3_ws/install/custom_interface/lib/libcustom_interface__rosidl_typesupport_cpp.so" to ""
-- Installing: /home/carlos/turtlebot3_ws/install/custom_interface/share/custom_interface/environment/pythonpath.sh
-- Installing: /home/carlos/turtlebot3_ws/install/custom_interface/share/custom_interface/environment/pythonpath.dsv
-- Installing: /home/carlos/turtlebot3_ws/install/custom_interface/lib/python3.8/site-packages/custom_interface/__init__.py
Compiling '/home/carlos/turtlebot3_ws/install/custom_interface/lib/python3.8/site-packages/custom_interface/__init__.py'...
-- Installing: /home/carlos/turtlebot3_ws/install/custom_interface/lib/python3.8/site-packages/custom_interface/msg
-- Installing: /home/carlos/turtlebot3_ws/install/custom_interface/lib/python3.8/site-packages/custom_interface/msg/__init__.py
-- Installing: /home/carlos/turtlebot3_ws/install/custom_interface/lib/python3.8/site-packages/custom_interface/msg/_distvel.py
-- Installing: /home/carlos/turtlebot3_ws/install/custom_interface/lib/python3.8/site-packages/custom_interface/msg/_distvel_s.c
-- Installing: /home/carlos/turtlebot3_ws/install/custom_interface/lib/python3.8/site-packages/custom_interface/custom_interface_s__rosidl_typesupport_fastrtps_c.cpython-38-x86_64-linux-gnu.so
-- Set runtime path of "/home/carlos/turtlebot3_ws/install/custom_interface/lib/python3.8/site-packages/custom_interface/custom_interface_s__rosidl_typesupport_fastrtps_c.cpython-38-x86_64-linux-gnu.so" to ""
-- Installing: /home/carlos/turtlebot3_ws/install/custom_interface/lib/python3.8/site-packages/custom_interface/custom_interface_s__rosidl_typesupport_introspection_c.cpython-38-x86_64-linux-gnu.so
-- Set runtime path of "/home/carlos/turtlebot3_ws/install/custom_interface/lib/python3.8/site-packages/custom_interface/custom_interface_s__rosidl_typesupport_introspection_c.cpython-38-x86_64-linux-gnu.so" to ""
-- Installing: /home/carlos/turtlebot3_ws/install/custom_interface/lib/python3.8/site-packages/custom_interface/custom_interface_s__rosidl_typesupport_c.cpython-38-x86_64-linux-gnu.so
-- Set runtime path of "/home/carlos/turtlebot3_ws/install/custom_interface/lib/python3.8/site-packages/custom_interface/custom_interface_s__rosidl_typesupport_c.cpython-38-x86_64-linux-gnu.so" to ""
-- Installing: /home/carlos/turtlebot3_ws/install/custom_interface/lib/libcustom_interface__python.so
-- Set runtime path of "/home/carlos/turtlebot3_ws/install/custom_interface/lib/libcustom_interface__python.so" to ""
-- Installing: /home/carlos/turtlebot3_ws/install/custom_interface/share/custom_interface/msg/Distvel.idl
-- Installing: /home/carlos/turtlebot3_ws/install/custom_interface/share/custom_interface/msg/Distvel.msg
-- Installing: /home/carlos/turtlebot3_ws/install/custom_interface/share/ament_index/resource_index/package_run_dependencies/custom_interface
-- Installing: /home/carlos/turtlebot3_ws/install/custom_interface/share/ament_index/resource_index/parent_prefix_path/custom_interface
-- Installing: /home/carlos/turtlebot3_ws/install/custom_interface/share/custom_interface/environment/ament_prefix_path.sh
-- Installing: /home/carlos/turtlebot3_ws/install/custom_interface/share/custom_interface/environment/ament_prefix_path.dsv
-- Installing: /home/carlos/turtlebot3_ws/install/custom_interface/share/custom_interface/environment/path.sh
-- Installing: /home/carlos/turtlebot3_ws/install/custom_interface/share/custom_interface/environment/path.dsv
-- Installing: /home/carlos/turtlebot3_ws/install/custom_interface/share/custom_interface/local_setup.bash
-- Installing: /home/carlos/turtlebot3_ws/install/custom_interface/share/custom_interface/local_setup.sh
-- Installing: /home/carlos/turtlebot3_ws/install/custom_interface/share/custom_interface/local_setup.zsh
-- Installing: /home/carlos/turtlebot3_ws/install/custom_interface/share/custom_interface/local_setup.dsv
-- Installing: /home/carlos/turtlebot3_ws/install/custom_interface/share/custom_interface/package.dsv
-- Installing: /home/carlos/turtlebot3_ws/install/custom_interface/share/ament_index/resource_index/packages/custom_interface
-- Installing: /home/carlos/turtlebot3_ws/install/custom_interface/share/custom_interface/cmake/custom_interface__rosidl_generator_cExport.cmake
-- Installing: /home/carlos/turtlebot3_ws/install/custom_interface/share/custom_interface/cmake/custom_interface__rosidl_generator_cExport-noconfig.cmake
-- Installing: /home/carlos/turtlebot3_ws/install/custom_interface/share/custom_interface/cmake/custom_interface__rosidl_typesupport_introspection_cExport.cmake
-- Installing: /home/carlos/turtlebot3_ws/install/custom_interface/share/custom_interface/cmake/custom_interface__rosidl_typesupport_introspection_cExport-noconfig.cmake
-- Installing: /home/carlos/turtlebot3_ws/install/custom_interface/share/custom_interface/cmake/custom_interface__rosidl_typesupport_cExport.cmake
-- Installing: /home/carlos/turtlebot3_ws/install/custom_interface/share/custom_interface/cmake/custom_interface__rosidl_typesupport_cExport-noconfig.cmake
-- Installing: /home/carlos/turtlebot3_ws/install/custom_interface/share/custom_interface/cmake/custom_interface__rosidl_generator_cppExport.cmake
-- Installing: /home/carlos/turtlebot3_ws/install/custom_interface/share/custom_interface/cmake/custom_interface__rosidl_typesupport_introspection_cppExport.cmake
-- Installing: /home/carlos/turtlebot3_ws/install/custom_interface/share/custom_interface/cmake/custom_interface__rosidl_typesupport_introspection_cppExport-noconfig.cmake
-- Installing: /home/carlos/turtlebot3_ws/install/custom_interface/share/custom_interface/cmake/custom_interface__rosidl_typesupport_cppExport.cmake
-- Installing: /home/carlos/turtlebot3_ws/install/custom_interface/share/custom_interface/cmake/custom_interface__rosidl_typesupport_cppExport-noconfig.cmake
-- Installing: /home/carlos/turtlebot3_ws/install/custom_interface/share/custom_interface/cmake/rosidl_cmake-extras.cmake
-- Installing: /home/carlos/turtlebot3_ws/install/custom_interface/share/custom_interface/cmake/ament_cmake_export_dependencies-extras.cmake
-- Installing: /home/carlos/turtlebot3_ws/install/custom_interface/share/custom_interface/cmake/ament_cmake_export_libraries-extras.cmake
-- Installing: /home/carlos/turtlebot3_ws/install/custom_interface/share/custom_interface/cmake/ament_cmake_export_targets-extras.cmake
-- Installing: /home/carlos/turtlebot3_ws/install/custom_interface/share/custom_interface/cmake/ament_cmake_export_include_directories-extras.cmake
-- Installing: /home/carlos/turtlebot3_ws/install/custom_interface/share/custom_interface/cmake/rosidl_cmake_export_typesupport_libraries-extras.cmake
-- Installing: /home/carlos/turtlebot3_ws/install/custom_interface/share/custom_interface/cmake/rosidl_cmake_export_typesupport_targets-extras.cmake
-- Installing: /home/carlos/turtlebot3_ws/install/custom_interface/share/custom_interface/cmake/custom_interfaceConfig.cmake
-- Installing: /home/carlos/turtlebot3_ws/install/custom_interface/share/custom_interface/cmake/custom_interfaceConfig-version.cmake
-- Installing: /home/carlos/turtlebot3_ws/install/custom_interface/share/custom_interface/package.xml
