[0.033s] Invoking command in '/home/carlos/turtlebot3_ws/build/package_name': CMAKE_PREFIX_PATH=${CMAKE_PREFIX_PATH}:/opt/ros/foxy PS1=(rosenv) \[\e]0;\u@\h: \w\a\]${debian_chroot:+($debian_chroot)}\[\033[01;32m\]\u@\h\[\033[00m\]:\[\033[01;34m\]\w\[\033[00m\]\$ /usr/bin/cmake /home/carlos/turtlebot3_ws/package_name -DCMAKE_INSTALL_PREFIX=/home/carlos/turtlebot3_ws/install/package_name
[0.612s] -- The C compiler identification is GNU 9.3.0
[1.015s] -- The CXX compiler identification is GNU 9.3.0
[1.025s] -- Check for working C compiler: /usr/bin/cc
[1.159s] -- Check for working C compiler: /usr/bin/cc -- works
[1.163s] -- Detecting C compiler ABI info
[1.287s] -- Detecting C compiler ABI info - done
[1.318s] -- Detecting C compile features
[1.319s] -- Detecting C compile features - done
[1.324s] -- Check for working CXX compiler: /usr/bin/c++
[1.454s] -- Check for working CXX compiler: /usr/bin/c++ -- works
[1.457s] -- Detecting CXX compiler ABI info
[1.592s] -- Detecting CXX compiler ABI info - done
[1.619s] -- Detecting CXX compile features
[1.620s] -- Detecting CXX compile features - done
[1.624s] -- Found ament_cmake: 0.9.9 (/opt/ros/foxy/share/ament_cmake/cmake)
[1.664s] -- Found PythonInterp: /home/carlos/virtualenvs/rosenv/bin/python3 (found suitable version "3.8.10", minimum required is "3") 
[1.664s] -- Using PYTHON_EXECUTABLE: /home/carlos/virtualenvs/rosenv/bin/python3
[1.989s] -- Found ament_lint_auto: 0.9.6 (/opt/ros/foxy/share/ament_lint_auto/cmake)
[2.025s] Traceback (most recent call last):
[2.025s]   File "/opt/ros/foxy/share/ament_cmake_core/cmake/core/package_xml_2_cmake.py", line 21, in <module>
[2.025s]     from catkin_pkg.package import parse_package_string
[2.026s] ModuleNotFoundError: No module named 'catkin_pkg'
[2.031s] CMake Error at /opt/ros/foxy/share/ament_cmake_core/cmake/core/ament_package_xml.cmake:94 (message):
[2.031s]   execute_process(/home/carlos/virtualenvs/rosenv/bin/python3
[2.033s]   /opt/ros/foxy/share/ament_cmake_core/cmake/core/package_xml_2_cmake.py
[2.033s]   /home/carlos/turtlebot3_ws/package_name/package.xml
[2.033s]   /home/carlos/turtlebot3_ws/build/package_name/ament_cmake_core/package.cmake)
[2.033s]   returned error code 1
[2.033s] Call Stack (most recent call first):
[2.034s]   /opt/ros/foxy/share/ament_cmake_core/cmake/core/ament_package_xml.cmake:49 (_ament_package_xml)
[2.034s]   /opt/ros/foxy/share/ament_lint_auto/cmake/ament_lint_auto_find_test_dependencies.cmake:31 (ament_package_xml)
[2.034s]   CMakeLists.txt:32 (ament_lint_auto_find_test_dependencies)
[2.034s] 
[2.034s] 
[2.036s] -- Configuring incomplete, errors occurred!
[2.036s] See also "/home/carlos/turtlebot3_ws/build/package_name/CMakeFiles/CMakeOutput.log".
[2.043s] Invoked command in '/home/carlos/turtlebot3_ws/build/package_name' returned '1': CMAKE_PREFIX_PATH=${CMAKE_PREFIX_PATH}:/opt/ros/foxy PS1=(rosenv) \[\e]0;\u@\h: \w\a\]${debian_chroot:+($debian_chroot)}\[\033[01;32m\]\u@\h\[\033[00m\]:\[\033[01;34m\]\w\[\033[00m\]\$ /usr/bin/cmake /home/carlos/turtlebot3_ws/package_name -DCMAKE_INSTALL_PREFIX=/home/carlos/turtlebot3_ws/install/package_name
