[0.043s] Invoking command in '/home/carlos/turtlebot3_ws/build/turtlebot3_simulations': AMENT_PREFIX_PATH=/home/carlos/turtlebot3_ws/install/turtlebot3_gazebo:/home/carlos/turtlebot3_ws/install/turtlebot3_fake_node:${AMENT_PREFIX_PATH} CMAKE_PREFIX_PATH=/home/carlos/turtlebot3_ws/install/turtlebot3_gazebo:/home/carlos/turtlebot3_ws/install/turtlebot3_fake_node:/opt/ros/foxy /usr/bin/cmake /home/carlos/turtlebot3_ws/src/turtlebot3_simulations/turtlebot3_simulations -DAMENT_CMAKE_SYMLINK_INSTALL=1 -DCMAKE_INSTALL_PREFIX=/home/carlos/turtlebot3_ws/install/turtlebot3_simulations
[0.147s] -- The C compiler identification is GNU 9.3.0
[0.238s] -- The CXX compiler identification is GNU 9.3.0
[0.248s] -- Check for working C compiler: /usr/bin/cc
[0.345s] -- Check for working C compiler: /usr/bin/cc -- works
[0.347s] -- Detecting C compiler ABI info
[0.443s] -- Detecting C compiler ABI info - done
[0.468s] -- Detecting C compile features
[0.469s] -- Detecting C compile features - done
[0.474s] -- Check for working CXX compiler: /usr/bin/c++
[0.593s] -- Check for working CXX compiler: /usr/bin/c++ -- works
[0.595s] -- Detecting CXX compiler ABI info
[0.714s] -- Detecting CXX compiler ABI info - done
[0.743s] -- Detecting CXX compile features
[0.744s] -- Detecting CXX compile features - done
[0.756s] -- Found ament_cmake: 0.9.9 (/opt/ros/foxy/share/ament_cmake/cmake)
[0.833s] -- Found PythonInterp: /usr/bin/python3 (found suitable version "3.8.10", minimum required is "3") 
[0.833s] -- Using PYTHON_EXECUTABLE: /usr/bin/python3
[1.652s] -- Override CMake install command with custom implementation using symlinks instead of copying resources
[1.820s] -- Configuring done
[1.825s] -- Generating done
[1.828s] -- Build files have been written to: /home/carlos/turtlebot3_ws/build/turtlebot3_simulations
[1.836s] Invoked command in '/home/carlos/turtlebot3_ws/build/turtlebot3_simulations' returned '0': AMENT_PREFIX_PATH=/home/carlos/turtlebot3_ws/install/turtlebot3_gazebo:/home/carlos/turtlebot3_ws/install/turtlebot3_fake_node:${AMENT_PREFIX_PATH} CMAKE_PREFIX_PATH=/home/carlos/turtlebot3_ws/install/turtlebot3_gazebo:/home/carlos/turtlebot3_ws/install/turtlebot3_fake_node:/opt/ros/foxy /usr/bin/cmake /home/carlos/turtlebot3_ws/src/turtlebot3_simulations/turtlebot3_simulations -DAMENT_CMAKE_SYMLINK_INSTALL=1 -DCMAKE_INSTALL_PREFIX=/home/carlos/turtlebot3_ws/install/turtlebot3_simulations
[1.838s] Invoking command in '/home/carlos/turtlebot3_ws/build/turtlebot3_simulations': AMENT_PREFIX_PATH=/home/carlos/turtlebot3_ws/install/turtlebot3_gazebo:/home/carlos/turtlebot3_ws/install/turtlebot3_fake_node:${AMENT_PREFIX_PATH} CMAKE_PREFIX_PATH=/home/carlos/turtlebot3_ws/install/turtlebot3_gazebo:/home/carlos/turtlebot3_ws/install/turtlebot3_fake_node:/opt/ros/foxy /usr/bin/cmake --build /home/carlos/turtlebot3_ws/build/turtlebot3_simulations -- -j1 -l1
[1.902s] Invoked command in '/home/carlos/turtlebot3_ws/build/turtlebot3_simulations' returned '0': AMENT_PREFIX_PATH=/home/carlos/turtlebot3_ws/install/turtlebot3_gazebo:/home/carlos/turtlebot3_ws/install/turtlebot3_fake_node:${AMENT_PREFIX_PATH} CMAKE_PREFIX_PATH=/home/carlos/turtlebot3_ws/install/turtlebot3_gazebo:/home/carlos/turtlebot3_ws/install/turtlebot3_fake_node:/opt/ros/foxy /usr/bin/cmake --build /home/carlos/turtlebot3_ws/build/turtlebot3_simulations -- -j1 -l1
[1.940s] Invoking command in '/home/carlos/turtlebot3_ws/build/turtlebot3_simulations': AMENT_PREFIX_PATH=/home/carlos/turtlebot3_ws/install/turtlebot3_gazebo:/home/carlos/turtlebot3_ws/install/turtlebot3_fake_node:${AMENT_PREFIX_PATH} CMAKE_PREFIX_PATH=/home/carlos/turtlebot3_ws/install/turtlebot3_gazebo:/home/carlos/turtlebot3_ws/install/turtlebot3_fake_node:/opt/ros/foxy /usr/bin/cmake --install /home/carlos/turtlebot3_ws/build/turtlebot3_simulations
[1.954s] -- Install configuration: ""
[1.955s] -- Execute custom install script
[1.956s] -- Symlinking: /home/carlos/turtlebot3_ws/install/turtlebot3_simulations/share/ament_index/resource_index/package_run_dependencies/turtlebot3_simulations
[1.969s] -- Symlinking: /home/carlos/turtlebot3_ws/install/turtlebot3_simulations/share/ament_index/resource_index/parent_prefix_path/turtlebot3_simulations
[1.982s] -- Symlinking: /home/carlos/turtlebot3_ws/install/turtlebot3_simulations/share/turtlebot3_simulations/environment/ament_prefix_path.sh
[1.995s] -- Symlinking: /home/carlos/turtlebot3_ws/install/turtlebot3_simulations/share/turtlebot3_simulations/environment/ament_prefix_path.dsv
[2.009s] -- Symlinking: /home/carlos/turtlebot3_ws/install/turtlebot3_simulations/share/turtlebot3_simulations/environment/path.sh
[2.026s] -- Symlinking: /home/carlos/turtlebot3_ws/install/turtlebot3_simulations/share/turtlebot3_simulations/environment/path.dsv
[2.039s] -- Symlinking: /home/carlos/turtlebot3_ws/install/turtlebot3_simulations/share/turtlebot3_simulations/local_setup.bash
[2.052s] -- Symlinking: /home/carlos/turtlebot3_ws/install/turtlebot3_simulations/share/turtlebot3_simulations/local_setup.sh
[2.065s] -- Symlinking: /home/carlos/turtlebot3_ws/install/turtlebot3_simulations/share/turtlebot3_simulations/local_setup.zsh
[2.077s] -- Symlinking: /home/carlos/turtlebot3_ws/install/turtlebot3_simulations/share/turtlebot3_simulations/local_setup.dsv
[2.090s] -- Symlinking: /home/carlos/turtlebot3_ws/install/turtlebot3_simulations/share/turtlebot3_simulations/package.dsv
[2.103s] -- Symlinking: /home/carlos/turtlebot3_ws/install/turtlebot3_simulations/share/ament_index/resource_index/packages/turtlebot3_simulations
[2.119s] -- Symlinking: /home/carlos/turtlebot3_ws/install/turtlebot3_simulations/share/turtlebot3_simulations/cmake/turtlebot3_simulationsConfig.cmake
[2.131s] -- Symlinking: /home/carlos/turtlebot3_ws/install/turtlebot3_simulations/share/turtlebot3_simulations/cmake/turtlebot3_simulationsConfig-version.cmake
[2.144s] -- Symlinking: /home/carlos/turtlebot3_ws/install/turtlebot3_simulations/share/turtlebot3_simulations/package.xml
[2.162s] Invoked command in '/home/carlos/turtlebot3_ws/build/turtlebot3_simulations' returned '0': AMENT_PREFIX_PATH=/home/carlos/turtlebot3_ws/install/turtlebot3_gazebo:/home/carlos/turtlebot3_ws/install/turtlebot3_fake_node:${AMENT_PREFIX_PATH} CMAKE_PREFIX_PATH=/home/carlos/turtlebot3_ws/install/turtlebot3_gazebo:/home/carlos/turtlebot3_ws/install/turtlebot3_fake_node:/opt/ros/foxy /usr/bin/cmake --install /home/carlos/turtlebot3_ws/build/turtlebot3_simulations
