[1.336s] Invoking command in '/home/carlos/turtlebot3_ws/src/show_msg': PS1=(rosenv) \[\e]0;\u@\h: \w\a\]${debian_chroot:+($debian_chroot)}\[\033[01;32m\]\u@\h\[\033[00m\]:\[\033[01;34m\]\w\[\033[00m\]\$ PYTHONPATH=/home/carlos/turtlebot3_ws/install/show_msg/lib/python3.8/site-packages:${PYTHONPATH} /usr/bin/python3 setup.py egg_info --egg-base ../../build/show_msg build --build-base /home/carlos/turtlebot3_ws/build/show_msg/build install --prefix /home/carlos/turtlebot3_ws/install/show_msg --record /home/carlos/turtlebot3_ws/build/show_msg/install.log --single-version-externally-managed
[1.780s] running egg_info
[1.782s] writing ../../build/show_msg/show_msg.egg-info/PKG-INFO
[1.782s] writing dependency_links to ../../build/show_msg/show_msg.egg-info/dependency_links.txt
[1.783s] writing entry points to ../../build/show_msg/show_msg.egg-info/entry_points.txt
[1.783s] writing requirements to ../../build/show_msg/show_msg.egg-info/requires.txt
[1.784s] writing top-level names to ../../build/show_msg/show_msg.egg-info/top_level.txt
[1.858s] reading manifest file '../../build/show_msg/show_msg.egg-info/SOURCES.txt'
[1.860s] writing manifest file '../../build/show_msg/show_msg.egg-info/SOURCES.txt'
[1.861s] running build
[1.861s] running build_py
[1.862s] copying show_msg/show_msg.py -> /home/carlos/turtlebot3_ws/build/show_msg/build/lib/show_msg
[1.862s] running install
[1.864s] running install_lib
[1.865s] creating /home/carlos/turtlebot3_ws/install/show_msg/lib/python3.8/site-packages/show_msg
[1.866s] copying /home/carlos/turtlebot3_ws/build/show_msg/build/lib/show_msg/__init__.py -> /home/carlos/turtlebot3_ws/install/show_msg/lib/python3.8/site-packages/show_msg
[1.866s] copying /home/carlos/turtlebot3_ws/build/show_msg/build/lib/show_msg/show_msg.py -> /home/carlos/turtlebot3_ws/install/show_msg/lib/python3.8/site-packages/show_msg
[1.867s] byte-compiling /home/carlos/turtlebot3_ws/install/show_msg/lib/python3.8/site-packages/show_msg/__init__.py to __init__.cpython-38.pyc
[1.870s] byte-compiling /home/carlos/turtlebot3_ws/install/show_msg/lib/python3.8/site-packages/show_msg/show_msg.py to show_msg.cpython-38.pyc
[1.870s] Sorry: IndentationError: unindent does not match any outer indentation level (show_msg.py, line 25)
[1.870s] running install_data
[1.871s] creating /home/carlos/turtlebot3_ws/install/show_msg/share/ament_index
[1.872s] creating /home/carlos/turtlebot3_ws/install/show_msg/share/ament_index/resource_index
[1.872s] creating /home/carlos/turtlebot3_ws/install/show_msg/share/ament_index/resource_index/packages
[1.872s] copying resource/show_msg -> /home/carlos/turtlebot3_ws/install/show_msg/share/ament_index/resource_index/packages
[1.873s] copying package.xml -> /home/carlos/turtlebot3_ws/install/show_msg/share/show_msg
[1.873s] copying launch/show_msg.launch.py -> /home/carlos/turtlebot3_ws/install/show_msg/share/show_msg
[1.873s] running install_egg_info
[1.876s] Copying ../../build/show_msg/show_msg.egg-info to /home/carlos/turtlebot3_ws/install/show_msg/lib/python3.8/site-packages/show_msg-0.0.0-py3.8.egg-info
[1.877s] running install_scripts
[1.905s] Installing show_msg script to /home/carlos/turtlebot3_ws/install/show_msg/lib/show_msg
[1.906s] writing list of installed files to '/home/carlos/turtlebot3_ws/build/show_msg/install.log'
[1.940s] Invoked command in '/home/carlos/turtlebot3_ws/src/show_msg' returned '0': PS1=(rosenv) \[\e]0;\u@\h: \w\a\]${debian_chroot:+($debian_chroot)}\[\033[01;32m\]\u@\h\[\033[00m\]:\[\033[01;34m\]\w\[\033[00m\]\$ PYTHONPATH=/home/carlos/turtlebot3_ws/install/show_msg/lib/python3.8/site-packages:${PYTHONPATH} /usr/bin/python3 setup.py egg_info --egg-base ../../build/show_msg build --build-base /home/carlos/turtlebot3_ws/build/show_msg/build install --prefix /home/carlos/turtlebot3_ws/install/show_msg --record /home/carlos/turtlebot3_ws/build/show_msg/install.log --single-version-externally-managed
