running egg_info
creating ../../build/my_first_action/my_first_action.egg-info
writing ../../build/my_first_action/my_first_action.egg-info/PKG-INFO
writing dependency_links to ../../build/my_first_action/my_first_action.egg-info/dependency_links.txt
writing entry points to ../../build/my_first_action/my_first_action.egg-info/entry_points.txt
writing requirements to ../../build/my_first_action/my_first_action.egg-info/requires.txt
writing top-level names to ../../build/my_first_action/my_first_action.egg-info/top_level.txt
writing manifest file '../../build/my_first_action/my_first_action.egg-info/SOURCES.txt'
reading manifest file '../../build/my_first_action/my_first_action.egg-info/SOURCES.txt'
writing manifest file '../../build/my_first_action/my_first_action.egg-info/SOURCES.txt'
running build
running build_py
creating /home/carlos/turtlebot3_ws/build/my_first_action/build
creating /home/carlos/turtlebot3_ws/build/my_first_action/build/lib
creating /home/carlos/turtlebot3_ws/build/my_first_action/build/lib/my_first_action
copying my_first_action/__init__.py -> /home/carlos/turtlebot3_ws/build/my_first_action/build/lib/my_first_action
copying my_first_action/action_server.py -> /home/carlos/turtlebot3_ws/build/my_first_action/build/lib/my_first_action
running install
running install_lib
creating /home/carlos/turtlebot3_ws/install/my_first_action/lib/python3.8/site-packages/my_first_action
copying /home/carlos/turtlebot3_ws/build/my_first_action/build/lib/my_first_action/__init__.py -> /home/carlos/turtlebot3_ws/install/my_first_action/lib/python3.8/site-packages/my_first_action
copying /home/carlos/turtlebot3_ws/build/my_first_action/build/lib/my_first_action/action_server.py -> /home/carlos/turtlebot3_ws/install/my_first_action/lib/python3.8/site-packages/my_first_action
byte-compiling /home/carlos/turtlebot3_ws/install/my_first_action/lib/python3.8/site-packages/my_first_action/__init__.py to __init__.cpython-38.pyc
byte-compiling /home/carlos/turtlebot3_ws/install/my_first_action/lib/python3.8/site-packages/my_first_action/action_server.py to action_server.cpython-38.pyc
running install_data
creating /home/carlos/turtlebot3_ws/install/my_first_action/share/ament_index
creating /home/carlos/turtlebot3_ws/install/my_first_action/share/ament_index/resource_index
creating /home/carlos/turtlebot3_ws/install/my_first_action/share/ament_index/resource_index/packages
copying resource/my_first_action -> /home/carlos/turtlebot3_ws/install/my_first_action/share/ament_index/resource_index/packages
copying package.xml -> /home/carlos/turtlebot3_ws/install/my_first_action/share/my_first_action
copying launch/action_server.launch.py -> /home/carlos/turtlebot3_ws/install/my_first_action/share/my_first_action
running install_egg_info
Copying ../../build/my_first_action/my_first_action.egg-info to /home/carlos/turtlebot3_ws/install/my_first_action/lib/python3.8/site-packages/my_first_action-0.0.0-py3.8.egg-info
running install_scripts
Installing action_server script to /home/carlos/turtlebot3_ws/install/my_first_action/lib/my_first_action
writing list of installed files to '/home/carlos/turtlebot3_ws/build/my_first_action/install.log'
