[1.146s] Invoking command in '/home/carlos/turtlebot3_ws/src/my_first_action': CMAKE_PREFIX_PATH=/home/carlos/turtlebot3_ws/install/custom_interface:/home/carlos/turtlebot3_ws/install/turtlebot3_simulations:/home/carlos/turtlebot3_ws/install/turtlebot3_gazebo:/home/carlos/turtlebot3_ws/install/turtlebot3_fake_node LD_LIBRARY_PATH=/home/carlos/turtlebot3_ws/install/custom_interface/lib:/usr/lib/x86_64-linux-gnu/gazebo-11/plugins:/opt/ros/foxy/opt/yaml_cpp_vendor/lib:/opt/ros/foxy/opt/rviz_ogre_vendor/lib:/opt/ros/foxy/lib/x86_64-linux-gnu:/opt/ros/foxy/lib PS1=(rosenv) \[\e]0;\u@\h: \w\a\]${debian_chroot:+($debian_chroot)}\[\033[01;32m\]\u@\h\[\033[00m\]:\[\033[01;34m\]\w\[\033[00m\]\$ PYTHONPATH=/home/carlos/turtlebot3_ws/install/my_first_action/lib/python3.8/site-packages:/home/carlos/turtlebot3_ws/install/custom_interface/lib/python3.8/site-packages:/opt/ros/foxy/lib/python3.8/site-packages:/home/carlos/turtlebot3_ws/install/show_msg/lib/python3.8/site-packages:/home/carlos/turtlebot3_ws/install/my_first_subscriber/lib/python3.8/site-packages:/home/carlos/turtlebot3_ws/install/my_first_service/lib/python3.8/site-packages:/home/carlos/turtlebot3_ws/install/my_first_publisher/lib/python3.8/site-packages:/home/carlos/turtlebot3_ws/install/my_first_node/lib/python3.8/site-packages /usr/bin/python3 setup.py egg_info --egg-base ../../build/my_first_action build --build-base /home/carlos/turtlebot3_ws/build/my_first_action/build install --prefix /home/carlos/turtlebot3_ws/install/my_first_action --record /home/carlos/turtlebot3_ws/build/my_first_action/install.log --single-version-externally-managed
[1.520s] running egg_info
[1.522s] creating ../../build/my_first_action/my_first_action.egg-info
[1.522s] writing ../../build/my_first_action/my_first_action.egg-info/PKG-INFO
[1.522s] writing dependency_links to ../../build/my_first_action/my_first_action.egg-info/dependency_links.txt
[1.523s] writing entry points to ../../build/my_first_action/my_first_action.egg-info/entry_points.txt
[1.524s] writing requirements to ../../build/my_first_action/my_first_action.egg-info/requires.txt
[1.524s] writing top-level names to ../../build/my_first_action/my_first_action.egg-info/top_level.txt
[1.529s] writing manifest file '../../build/my_first_action/my_first_action.egg-info/SOURCES.txt'
[1.597s] reading manifest file '../../build/my_first_action/my_first_action.egg-info/SOURCES.txt'
[1.598s] writing manifest file '../../build/my_first_action/my_first_action.egg-info/SOURCES.txt'
[1.599s] running build
[1.599s] running build_py
[1.600s] creating /home/carlos/turtlebot3_ws/build/my_first_action/build
[1.600s] creating /home/carlos/turtlebot3_ws/build/my_first_action/build/lib
[1.600s] creating /home/carlos/turtlebot3_ws/build/my_first_action/build/lib/my_first_action
[1.601s] copying my_first_action/__init__.py -> /home/carlos/turtlebot3_ws/build/my_first_action/build/lib/my_first_action
[1.601s] copying my_first_action/action_server.py -> /home/carlos/turtlebot3_ws/build/my_first_action/build/lib/my_first_action
[1.601s] running install
[1.603s] running install_lib
[1.604s] creating /home/carlos/turtlebot3_ws/install/my_first_action/lib/python3.8/site-packages/my_first_action
[1.605s] copying /home/carlos/turtlebot3_ws/build/my_first_action/build/lib/my_first_action/__init__.py -> /home/carlos/turtlebot3_ws/install/my_first_action/lib/python3.8/site-packages/my_first_action
[1.605s] copying /home/carlos/turtlebot3_ws/build/my_first_action/build/lib/my_first_action/action_server.py -> /home/carlos/turtlebot3_ws/install/my_first_action/lib/python3.8/site-packages/my_first_action
[1.606s] byte-compiling /home/carlos/turtlebot3_ws/install/my_first_action/lib/python3.8/site-packages/my_first_action/__init__.py to __init__.cpython-38.pyc
[1.608s] byte-compiling /home/carlos/turtlebot3_ws/install/my_first_action/lib/python3.8/site-packages/my_first_action/action_server.py to action_server.cpython-38.pyc
[1.609s] running install_data
[1.610s] creating /home/carlos/turtlebot3_ws/install/my_first_action/share/ament_index
[1.611s] creating /home/carlos/turtlebot3_ws/install/my_first_action/share/ament_index/resource_index
[1.611s] creating /home/carlos/turtlebot3_ws/install/my_first_action/share/ament_index/resource_index/packages
[1.611s] copying resource/my_first_action -> /home/carlos/turtlebot3_ws/install/my_first_action/share/ament_index/resource_index/packages
[1.612s] copying package.xml -> /home/carlos/turtlebot3_ws/install/my_first_action/share/my_first_action
[1.612s] copying launch/action_server.launch.py -> /home/carlos/turtlebot3_ws/install/my_first_action/share/my_first_action
[1.612s] running install_egg_info
[1.615s] Copying ../../build/my_first_action/my_first_action.egg-info to /home/carlos/turtlebot3_ws/install/my_first_action/lib/python3.8/site-packages/my_first_action-0.0.0-py3.8.egg-info
[1.617s] running install_scripts
[1.648s] Installing action_server script to /home/carlos/turtlebot3_ws/install/my_first_action/lib/my_first_action
[1.649s] writing list of installed files to '/home/carlos/turtlebot3_ws/build/my_first_action/install.log'
[1.686s] Invoked command in '/home/carlos/turtlebot3_ws/src/my_first_action' returned '0': CMAKE_PREFIX_PATH=/home/carlos/turtlebot3_ws/install/custom_interface:/home/carlos/turtlebot3_ws/install/turtlebot3_simulations:/home/carlos/turtlebot3_ws/install/turtlebot3_gazebo:/home/carlos/turtlebot3_ws/install/turtlebot3_fake_node LD_LIBRARY_PATH=/home/carlos/turtlebot3_ws/install/custom_interface/lib:/usr/lib/x86_64-linux-gnu/gazebo-11/plugins:/opt/ros/foxy/opt/yaml_cpp_vendor/lib:/opt/ros/foxy/opt/rviz_ogre_vendor/lib:/opt/ros/foxy/lib/x86_64-linux-gnu:/opt/ros/foxy/lib PS1=(rosenv) \[\e]0;\u@\h: \w\a\]${debian_chroot:+($debian_chroot)}\[\033[01;32m\]\u@\h\[\033[00m\]:\[\033[01;34m\]\w\[\033[00m\]\$ PYTHONPATH=/home/carlos/turtlebot3_ws/install/my_first_action/lib/python3.8/site-packages:/home/carlos/turtlebot3_ws/install/custom_interface/lib/python3.8/site-packages:/opt/ros/foxy/lib/python3.8/site-packages:/home/carlos/turtlebot3_ws/install/show_msg/lib/python3.8/site-packages:/home/carlos/turtlebot3_ws/install/my_first_subscriber/lib/python3.8/site-packages:/home/carlos/turtlebot3_ws/install/my_first_service/lib/python3.8/site-packages:/home/carlos/turtlebot3_ws/install/my_first_publisher/lib/python3.8/site-packages:/home/carlos/turtlebot3_ws/install/my_first_node/lib/python3.8/site-packages /usr/bin/python3 setup.py egg_info --egg-base ../../build/my_first_action build --build-base /home/carlos/turtlebot3_ws/build/my_first_action/build install --prefix /home/carlos/turtlebot3_ws/install/my_first_action --record /home/carlos/turtlebot3_ws/build/my_first_action/install.log --single-version-externally-managed
