running egg_info
creating ../../build/my_first_service/my_first_service.egg-info
writing ../../build/my_first_service/my_first_service.egg-info/PKG-INFO
writing dependency_links to ../../build/my_first_service/my_first_service.egg-info/dependency_links.txt
writing entry points to ../../build/my_first_service/my_first_service.egg-info/entry_points.txt
writing requirements to ../../build/my_first_service/my_first_service.egg-info/requires.txt
writing top-level names to ../../build/my_first_service/my_first_service.egg-info/top_level.txt
writing manifest file '../../build/my_first_service/my_first_service.egg-info/SOURCES.txt'
reading manifest file '../../build/my_first_service/my_first_service.egg-info/SOURCES.txt'
writing manifest file '../../build/my_first_service/my_first_service.egg-info/SOURCES.txt'
running build
running build_py
creating /home/carlos/turtlebot3_ws/build/my_first_service/build
creating /home/carlos/turtlebot3_ws/build/my_first_service/build/lib
creating /home/carlos/turtlebot3_ws/build/my_first_service/build/lib/my_first_service
copying my_first_service/__init__.py -> /home/carlos/turtlebot3_ws/build/my_first_service/build/lib/my_first_service
copying my_first_service/movement_server.py -> /home/carlos/turtlebot3_ws/build/my_first_service/build/lib/my_first_service
running install
running install_lib
creating /home/carlos/turtlebot3_ws/install/my_first_service/lib/python3.8/site-packages/my_first_service
copying /home/carlos/turtlebot3_ws/build/my_first_service/build/lib/my_first_service/__init__.py -> /home/carlos/turtlebot3_ws/install/my_first_service/lib/python3.8/site-packages/my_first_service
copying /home/carlos/turtlebot3_ws/build/my_first_service/build/lib/my_first_service/movement_server.py -> /home/carlos/turtlebot3_ws/install/my_first_service/lib/python3.8/site-packages/my_first_service
byte-compiling /home/carlos/turtlebot3_ws/install/my_first_service/lib/python3.8/site-packages/my_first_service/__init__.py to __init__.cpython-38.pyc
byte-compiling /home/carlos/turtlebot3_ws/install/my_first_service/lib/python3.8/site-packages/my_first_service/movement_server.py to movement_server.cpython-38.pyc
running install_data
creating /home/carlos/turtlebot3_ws/install/my_first_service/share/ament_index
creating /home/carlos/turtlebot3_ws/install/my_first_service/share/ament_index/resource_index
creating /home/carlos/turtlebot3_ws/install/my_first_service/share/ament_index/resource_index/packages
copying resource/my_first_service -> /home/carlos/turtlebot3_ws/install/my_first_service/share/ament_index/resource_index/packages
copying package.xml -> /home/carlos/turtlebot3_ws/install/my_first_service/share/my_first_service
copying launch/movement_server_launch.launch.py -> /home/carlos/turtlebot3_ws/install/my_first_service/share/my_first_service
running install_egg_info
Copying ../../build/my_first_service/my_first_service.egg-info to /home/carlos/turtlebot3_ws/install/my_first_service/lib/python3.8/site-packages/my_first_service-0.0.0-py3.8.egg-info
running install_scripts
Installing movement_server script to /home/carlos/turtlebot3_ws/install/my_first_service/lib/my_first_service
writing list of installed files to '/home/carlos/turtlebot3_ws/build/my_first_service/install.log'
