[1.149s] Invoking command in '/home/carlos/turtlebot3_ws/src/my_first_service': PS1=(rosenv) \[\e]0;\u@\h: \w\a\]${debian_chroot:+($debian_chroot)}\[\033[01;32m\]\u@\h\[\033[00m\]:\[\033[01;34m\]\w\[\033[00m\]\$ PYTHONPATH=/home/carlos/turtlebot3_ws/install/my_first_service/lib/python3.8/site-packages:/home/carlos/turtlebot3_ws/install/custom_interface/lib/python3.8/site-packages:/home/carlos/turtlebot3_ws/install/show_msg/lib/python3.8/site-packages:/home/carlos/turtlebot3_ws/install/my_first_subscriber/lib/python3.8/site-packages:/home/carlos/turtlebot3_ws/install/my_first_publisher/lib/python3.8/site-packages:/home/carlos/turtlebot3_ws/install/my_first_node/lib/python3.8/site-packages:/opt/ros/foxy/lib/python3.8/site-packages /usr/bin/python3 setup.py egg_info --egg-base ../../build/my_first_service build --build-base /home/carlos/turtlebot3_ws/build/my_first_service/build install --prefix /home/carlos/turtlebot3_ws/install/my_first_service --record /home/carlos/turtlebot3_ws/build/my_first_service/install.log --single-version-externally-managed
[1.524s] running egg_info
[1.528s] creating ../../build/my_first_service/my_first_service.egg-info
[1.529s] writing ../../build/my_first_service/my_first_service.egg-info/PKG-INFO
[1.530s] writing dependency_links to ../../build/my_first_service/my_first_service.egg-info/dependency_links.txt
[1.530s] writing entry points to ../../build/my_first_service/my_first_service.egg-info/entry_points.txt
[1.531s] writing requirements to ../../build/my_first_service/my_first_service.egg-info/requires.txt
[1.531s] writing top-level names to ../../build/my_first_service/my_first_service.egg-info/top_level.txt
[1.533s] writing manifest file '../../build/my_first_service/my_first_service.egg-info/SOURCES.txt'
[1.604s] reading manifest file '../../build/my_first_service/my_first_service.egg-info/SOURCES.txt'
[1.606s] writing manifest file '../../build/my_first_service/my_first_service.egg-info/SOURCES.txt'
[1.606s] running build
[1.606s] running build_py
[1.607s] creating /home/carlos/turtlebot3_ws/build/my_first_service/build
[1.607s] creating /home/carlos/turtlebot3_ws/build/my_first_service/build/lib
[1.607s] creating /home/carlos/turtlebot3_ws/build/my_first_service/build/lib/my_first_service
[1.608s] copying my_first_service/__init__.py -> /home/carlos/turtlebot3_ws/build/my_first_service/build/lib/my_first_service
[1.608s] copying my_first_service/movement_server.py -> /home/carlos/turtlebot3_ws/build/my_first_service/build/lib/my_first_service
[1.609s] running install
[1.610s] running install_lib
[1.612s] creating /home/carlos/turtlebot3_ws/install/my_first_service/lib/python3.8/site-packages/my_first_service
[1.612s] copying /home/carlos/turtlebot3_ws/build/my_first_service/build/lib/my_first_service/__init__.py -> /home/carlos/turtlebot3_ws/install/my_first_service/lib/python3.8/site-packages/my_first_service
[1.613s] copying /home/carlos/turtlebot3_ws/build/my_first_service/build/lib/my_first_service/movement_server.py -> /home/carlos/turtlebot3_ws/install/my_first_service/lib/python3.8/site-packages/my_first_service
[1.614s] byte-compiling /home/carlos/turtlebot3_ws/install/my_first_service/lib/python3.8/site-packages/my_first_service/__init__.py to __init__.cpython-38.pyc
[1.616s] byte-compiling /home/carlos/turtlebot3_ws/install/my_first_service/lib/python3.8/site-packages/my_first_service/movement_server.py to movement_server.cpython-38.pyc
[1.617s] running install_data
[1.618s] creating /home/carlos/turtlebot3_ws/install/my_first_service/share/ament_index
[1.618s] creating /home/carlos/turtlebot3_ws/install/my_first_service/share/ament_index/resource_index
[1.618s] creating /home/carlos/turtlebot3_ws/install/my_first_service/share/ament_index/resource_index/packages
[1.619s] copying resource/my_first_service -> /home/carlos/turtlebot3_ws/install/my_first_service/share/ament_index/resource_index/packages
[1.619s] copying package.xml -> /home/carlos/turtlebot3_ws/install/my_first_service/share/my_first_service
[1.619s] copying launch/movement_server_launch.launch.py -> /home/carlos/turtlebot3_ws/install/my_first_service/share/my_first_service
[1.620s] running install_egg_info
[1.623s] Copying ../../build/my_first_service/my_first_service.egg-info to /home/carlos/turtlebot3_ws/install/my_first_service/lib/python3.8/site-packages/my_first_service-0.0.0-py3.8.egg-info
[1.624s] running install_scripts
[1.657s] Installing movement_server script to /home/carlos/turtlebot3_ws/install/my_first_service/lib/my_first_service
[1.658s] writing list of installed files to '/home/carlos/turtlebot3_ws/build/my_first_service/install.log'
[1.692s] Invoked command in '/home/carlos/turtlebot3_ws/src/my_first_service' returned '0': PS1=(rosenv) \[\e]0;\u@\h: \w\a\]${debian_chroot:+($debian_chroot)}\[\033[01;32m\]\u@\h\[\033[00m\]:\[\033[01;34m\]\w\[\033[00m\]\$ PYTHONPATH=/home/carlos/turtlebot3_ws/install/my_first_service/lib/python3.8/site-packages:/home/carlos/turtlebot3_ws/install/custom_interface/lib/python3.8/site-packages:/home/carlos/turtlebot3_ws/install/show_msg/lib/python3.8/site-packages:/home/carlos/turtlebot3_ws/install/my_first_subscriber/lib/python3.8/site-packages:/home/carlos/turtlebot3_ws/install/my_first_publisher/lib/python3.8/site-packages:/home/carlos/turtlebot3_ws/install/my_first_node/lib/python3.8/site-packages:/opt/ros/foxy/lib/python3.8/site-packages /usr/bin/python3 setup.py egg_info --egg-base ../../build/my_first_service build --build-base /home/carlos/turtlebot3_ws/build/my_first_service/build install --prefix /home/carlos/turtlebot3_ws/install/my_first_service --record /home/carlos/turtlebot3_ws/build/my_first_service/install.log --single-version-externally-managed
