running egg_info
writing ../../build/my_first_action/my_first_action.egg-info/PKG-INFO
writing dependency_links to ../../build/my_first_action/my_first_action.egg-info/dependency_links.txt
writing entry points to ../../build/my_first_action/my_first_action.egg-info/entry_points.txt
writing requirements to ../../build/my_first_action/my_first_action.egg-info/requires.txt
writing top-level names to ../../build/my_first_action/my_first_action.egg-info/top_level.txt
reading manifest file '../../build/my_first_action/my_first_action.egg-info/SOURCES.txt'
writing manifest file '../../build/my_first_action/my_first_action.egg-info/SOURCES.txt'
running build
running build_py
copying my_first_action/action_client.py -> /home/carlos/turtlebot3_ws/build/my_first_action/build/lib/my_first_action
running install
running install_lib
copying /home/carlos/turtlebot3_ws/build/my_first_action/build/lib/my_first_action/action_client.py -> /home/carlos/turtlebot3_ws/install/my_first_action/lib/python3.8/site-packages/my_first_action
byte-compiling /home/carlos/turtlebot3_ws/install/my_first_action/lib/python3.8/site-packages/my_first_action/action_client.py to action_client.cpython-38.pyc
running install_data
copying launch/action_client.launch.py -> /home/carlos/turtlebot3_ws/install/my_first_action/share/my_first_action
running install_egg_info
removing '/home/carlos/turtlebot3_ws/install/my_first_action/lib/python3.8/site-packages/my_first_action-0.0.0-py3.8.egg-info' (and everything under it)
Copying ../../build/my_first_action/my_first_action.egg-info to /home/carlos/turtlebot3_ws/install/my_first_action/lib/python3.8/site-packages/my_first_action-0.0.0-py3.8.egg-info
running install_scripts
Installing action_server = my_first_action.action_server:mainaction_client script to /home/carlos/turtlebot3_ws/install/my_first_action/lib/my_first_action
writing list of installed files to '/home/carlos/turtlebot3_ws/build/my_first_action/install.log'
