[1.109s] Invoking command in '/home/carlos/turtlebot3_ws/src/my_first_action': CMAKE_PREFIX_PATH=/home/carlos/turtlebot3_ws/install/custom_interface:/home/carlos/turtlebot3_ws/install/turtlebot3_simulations:/home/carlos/turtlebot3_ws/install/turtlebot3_gazebo:/home/carlos/turtlebot3_ws/install/turtlebot3_fake_node PS1=(rosenv) \[\e]0;\u@\h: \w\a\]${debian_chroot:+($debian_chroot)}\[\033[01;32m\]\u@\h\[\033[00m\]:\[\033[01;34m\]\w\[\033[00m\]\$ PYTHONPATH=/home/carlos/turtlebot3_ws/install/my_first_action/lib/python3.8/site-packages:/home/carlos/turtlebot3_ws/install/custom_interface/lib/python3.8/site-packages:/home/carlos/turtlebot3_ws/install/show_msg/lib/python3.8/site-packages:/home/carlos/turtlebot3_ws/install/my_first_subscriber/lib/python3.8/site-packages:/home/carlos/turtlebot3_ws/install/my_first_service/lib/python3.8/site-packages:/home/carlos/turtlebot3_ws/install/my_first_publisher/lib/python3.8/site-packages:/home/carlos/turtlebot3_ws/install/my_first_node/lib/python3.8/site-packages:/home/carlos/turtlebot3_ws/install/my_first_action/lib/python3.8/site-packages:/opt/ros/foxy/lib/python3.8/site-packages /usr/bin/python3 setup.py egg_info --egg-base ../../build/my_first_action build --build-base /home/carlos/turtlebot3_ws/build/my_first_action/build install --prefix /home/carlos/turtlebot3_ws/install/my_first_action --record /home/carlos/turtlebot3_ws/build/my_first_action/install.log --single-version-externally-managed
[1.481s] running egg_info
[1.482s] writing ../../build/my_first_action/my_first_action.egg-info/PKG-INFO
[1.482s] writing dependency_links to ../../build/my_first_action/my_first_action.egg-info/dependency_links.txt
[1.483s] writing entry points to ../../build/my_first_action/my_first_action.egg-info/entry_points.txt
[1.484s] writing requirements to ../../build/my_first_action/my_first_action.egg-info/requires.txt
[1.484s] writing top-level names to ../../build/my_first_action/my_first_action.egg-info/top_level.txt
[1.556s] reading manifest file '../../build/my_first_action/my_first_action.egg-info/SOURCES.txt'
[1.558s] writing manifest file '../../build/my_first_action/my_first_action.egg-info/SOURCES.txt'
[1.559s] running build
[1.559s] running build_py
[1.559s] copying my_first_action/action_client.py -> /home/carlos/turtlebot3_ws/build/my_first_action/build/lib/my_first_action
[1.560s] running install
[1.561s] running install_lib
[1.563s] copying /home/carlos/turtlebot3_ws/build/my_first_action/build/lib/my_first_action/action_client.py -> /home/carlos/turtlebot3_ws/install/my_first_action/lib/python3.8/site-packages/my_first_action
[1.564s] byte-compiling /home/carlos/turtlebot3_ws/install/my_first_action/lib/python3.8/site-packages/my_first_action/action_client.py to action_client.cpython-38.pyc
[1.566s] running install_data
[1.567s] copying launch/action_client.launch.py -> /home/carlos/turtlebot3_ws/install/my_first_action/share/my_first_action
[1.568s] running install_egg_info
[1.570s] removing '/home/carlos/turtlebot3_ws/install/my_first_action/lib/python3.8/site-packages/my_first_action-0.0.0-py3.8.egg-info' (and everything under it)
[1.571s] Copying ../../build/my_first_action/my_first_action.egg-info to /home/carlos/turtlebot3_ws/install/my_first_action/lib/python3.8/site-packages/my_first_action-0.0.0-py3.8.egg-info
[1.572s] running install_scripts
[1.600s] Installing action_server = my_first_action.action_server:mainaction_client script to /home/carlos/turtlebot3_ws/install/my_first_action/lib/my_first_action
[1.600s] writing list of installed files to '/home/carlos/turtlebot3_ws/build/my_first_action/install.log'
[1.635s] Invoked command in '/home/carlos/turtlebot3_ws/src/my_first_action' returned '0': CMAKE_PREFIX_PATH=/home/carlos/turtlebot3_ws/install/custom_interface:/home/carlos/turtlebot3_ws/install/turtlebot3_simulations:/home/carlos/turtlebot3_ws/install/turtlebot3_gazebo:/home/carlos/turtlebot3_ws/install/turtlebot3_fake_node PS1=(rosenv) \[\e]0;\u@\h: \w\a\]${debian_chroot:+($debian_chroot)}\[\033[01;32m\]\u@\h\[\033[00m\]:\[\033[01;34m\]\w\[\033[00m\]\$ PYTHONPATH=/home/carlos/turtlebot3_ws/install/my_first_action/lib/python3.8/site-packages:/home/carlos/turtlebot3_ws/install/custom_interface/lib/python3.8/site-packages:/home/carlos/turtlebot3_ws/install/show_msg/lib/python3.8/site-packages:/home/carlos/turtlebot3_ws/install/my_first_subscriber/lib/python3.8/site-packages:/home/carlos/turtlebot3_ws/install/my_first_service/lib/python3.8/site-packages:/home/carlos/turtlebot3_ws/install/my_first_publisher/lib/python3.8/site-packages:/home/carlos/turtlebot3_ws/install/my_first_node/lib/python3.8/site-packages:/home/carlos/turtlebot3_ws/install/my_first_action/lib/python3.8/site-packages:/opt/ros/foxy/lib/python3.8/site-packages /usr/bin/python3 setup.py egg_info --egg-base ../../build/my_first_action build --build-base /home/carlos/turtlebot3_ws/build/my_first_action/build install --prefix /home/carlos/turtlebot3_ws/install/my_first_action --record /home/carlos/turtlebot3_ws/build/my_first_action/install.log --single-version-externally-managed
