[0.128s] Invoking command in '/home/carlos/turtlebot3_ws/build/custom_interface': CMAKE_PREFIX_PATH=${CMAKE_PREFIX_PATH}:/home/carlos/turtlebot3_ws/install/my_first_subscriber:/home/carlos/turtlebot3_ws/install/my_first_publisher:/home/carlos/turtlebot3_ws/install/my_first_node:/opt/ros/foxy PS1=(rosenv) \[\e]0;\u@\h: \w\a\]${debian_chroot:+($debian_chroot)}\[\033[01;32m\]\u@\h\[\033[00m\]:\[\033[01;34m\]\w\[\033[00m\]\$ /usr/bin/cmake /home/carlos/turtlebot3_ws/src/custom_interface -DCMAKE_INSTALL_PREFIX=/home/carlos/turtlebot3_ws/install/custom_interface
[0.819s] -- The C compiler identification is GNU 9.3.0
[1.576s] -- The CXX compiler identification is GNU 9.3.0
[1.639s] -- Check for working C compiler: /usr/bin/cc
[2.313s] -- Check for working C compiler: /usr/bin/cc -- works
[2.321s] -- Detecting C compiler ABI info
[2.834s] -- Detecting C compiler ABI info - done
[2.959s] -- Detecting C compile features
[2.960s] -- Detecting C compile features - done
[2.979s] -- Check for working CXX compiler: /usr/bin/c++
[3.550s] -- Check for working CXX compiler: /usr/bin/c++ -- works
[3.561s] -- Detecting CXX compiler ABI info
[4.224s] -- Detecting CXX compiler ABI info - done
[4.397s] -- Detecting CXX compile features
[4.405s] -- Detecting CXX compile features - done
[4.435s] -- Found ament_cmake: 0.9.9 (/opt/ros/foxy/share/ament_cmake/cmake)
[4.643s] -- Found PythonInterp: /home/carlos/virtualenvs/rosenv/bin/python3 (found suitable version "3.8.10", minimum required is "3") 
[4.647s] -- Using PYTHON_EXECUTABLE: /home/carlos/virtualenvs/rosenv/bin/python3
[5.855s] -- Found rclcpp: 2.4.0 (/opt/ros/foxy/share/rclcpp/cmake)
[6.297s] -- Using all available rosidl_typesupport_c: rosidl_typesupport_fastrtps_c;rosidl_typesupport_introspection_c
[6.368s] -- Found rosidl_adapter: 1.2.1 (/opt/ros/foxy/share/rosidl_adapter/cmake)
[6.991s] -- Found OpenSSL: /usr/lib/x86_64-linux-gnu/libcrypto.so (found version "1.1.1f")  
[7.227s] -- Found FastRTPS: /opt/ros/foxy/include  
[7.939s] -- Using all available rosidl_typesupport_cpp: rosidl_typesupport_fastrtps_cpp;rosidl_typesupport_introspection_cpp
[8.524s] -- Found rmw_implementation_cmake: 1.0.3 (/opt/ros/foxy/share/rmw_implementation_cmake/cmake)
[8.543s] -- Using RMW implementation 'rmw_fastrtps_cpp' as default
[8.555s] -- Looking for pthread.h
[9.059s] -- Looking for pthread.h - found
[9.062s] -- Performing Test CMAKE_HAVE_LIBC_PTHREAD
[9.569s] -- Performing Test CMAKE_HAVE_LIBC_PTHREAD - Failed
[9.570s] -- Looking for pthread_create in pthreads
[9.951s] -- Looking for pthread_create in pthreads - not found
[9.955s] -- Looking for pthread_create in pthread
[10.431s] -- Looking for pthread_create in pthread - found
[10.444s] -- Found Threads: TRUE  
[13.048s] -- Found rosidl_default_generators: 1.0.1 (/opt/ros/foxy/share/rosidl_default_generators/cmake)
[13.168s] -- Found ament_lint_auto: 0.9.6 (/opt/ros/foxy/share/ament_lint_auto/cmake)
[13.355s] Traceback (most recent call last):
[13.355s]   File "/opt/ros/foxy/share/ament_cmake_core/cmake/core/package_xml_2_cmake.py", line 21, in <module>
[13.356s]     from catkin_pkg.package import parse_package_string
[13.356s] ModuleNotFoundError: No module named 'catkin_pkg'
[13.407s] CMake Error at /opt/ros/foxy/share/ament_cmake_core/cmake/core/ament_package_xml.cmake:94 (message):
[13.415s]   execute_process(/home/carlos/virtualenvs/rosenv/bin/python3
[13.417s]   /opt/ros/foxy/share/ament_cmake_core/cmake/core/package_xml_2_cmake.py
[13.417s]   /home/carlos/turtlebot3_ws/src/custom_interface/package.xml
[13.417s]   /home/carlos/turtlebot3_ws/build/custom_interface/ament_cmake_core/package.cmake)
[13.417s]   returned error code 1
[13.417s] Call Stack (most recent call first):
[13.417s]   /opt/ros/foxy/share/ament_cmake_core/cmake/core/ament_package_xml.cmake:49 (_ament_package_xml)
[13.417s]   /opt/ros/foxy/share/ament_lint_auto/cmake/ament_lint_auto_find_test_dependencies.cmake:31 (ament_package_xml)
[13.418s]   CMakeLists.txt:36 (ament_lint_auto_find_test_dependencies)
[13.418s] 
[13.418s] 
[13.445s] -- Configuring incomplete, errors occurred!
[13.446s] See also "/home/carlos/turtlebot3_ws/build/custom_interface/CMakeFiles/CMakeOutput.log".
[13.447s] See also "/home/carlos/turtlebot3_ws/build/custom_interface/CMakeFiles/CMakeError.log".
[13.540s] Invoked command in '/home/carlos/turtlebot3_ws/build/custom_interface' returned '1': CMAKE_PREFIX_PATH=${CMAKE_PREFIX_PATH}:/home/carlos/turtlebot3_ws/install/my_first_subscriber:/home/carlos/turtlebot3_ws/install/my_first_publisher:/home/carlos/turtlebot3_ws/install/my_first_node:/opt/ros/foxy PS1=(rosenv) \[\e]0;\u@\h: \w\a\]${debian_chroot:+($debian_chroot)}\[\033[01;32m\]\u@\h\[\033[00m\]:\[\033[01;34m\]\w\[\033[00m\]\$ /usr/bin/cmake /home/carlos/turtlebot3_ws/src/custom_interface -DCMAKE_INSTALL_PREFIX=/home/carlos/turtlebot3_ws/install/custom_interface
