[2.416s] Invoking command in '/home/carlos/turtlebot3_ws/src/my_first_publisher': PS1=(rosenv) \[\e]0;\u@\h: \w\a\]${debian_chroot:+($debian_chroot)}\[\033[01;32m\]\u@\h\[\033[00m\]:\[\033[01;34m\]\w\[\033[00m\]\$ PYTHONPATH=/home/carlos/turtlebot3_ws/install/my_first_publisher/lib/python3.8/site-packages:${PYTHONPATH} /usr/bin/python3 setup.py egg_info --egg-base ../../build/my_first_publisher build --build-base /home/carlos/turtlebot3_ws/build/my_first_publisher/build install --prefix /home/carlos/turtlebot3_ws/install/my_first_publisher --record /home/carlos/turtlebot3_ws/build/my_first_publisher/install.log --single-version-externally-managed
[3.205s] running egg_info
[3.205s] writing ../../build/my_first_publisher/my_first_publisher.egg-info/PKG-INFO
[3.208s] writing dependency_links to ../../build/my_first_publisher/my_first_publisher.egg-info/dependency_links.txt
[3.212s] writing entry points to ../../build/my_first_publisher/my_first_publisher.egg-info/entry_points.txt
[3.212s] writing requirements to ../../build/my_first_publisher/my_first_publisher.egg-info/requires.txt
[3.213s] writing top-level names to ../../build/my_first_publisher/my_first_publisher.egg-info/top_level.txt
[3.372s] reading manifest file '../../build/my_first_publisher/my_first_publisher.egg-info/SOURCES.txt'
[3.376s] writing manifest file '../../build/my_first_publisher/my_first_publisher.egg-info/SOURCES.txt'
[3.376s] running build
[3.377s] running build_py
[3.380s] running install
[3.384s] running install_lib
[3.391s] running install_data
[3.392s] copying launch/my_first_publisher.launch.py -> /home/carlos/turtlebot3_ws/install/my_first_publisher/share/my_first_publisher
[3.393s] running install_egg_info
[3.399s] removing '/home/carlos/turtlebot3_ws/install/my_first_publisher/lib/python3.8/site-packages/my_first_publisher-0.0.0-py3.8.egg-info' (and everything under it)
[3.400s] Copying ../../build/my_first_publisher/my_first_publisher.egg-info to /home/carlos/turtlebot3_ws/install/my_first_publisher/lib/python3.8/site-packages/my_first_publisher-0.0.0-py3.8.egg-info
[3.401s] running install_scripts
[3.474s] Installing simple_publisher script to /home/carlos/turtlebot3_ws/install/my_first_publisher/lib/my_first_publisher
[3.491s] writing list of installed files to '/home/carlos/turtlebot3_ws/build/my_first_publisher/install.log'
[3.572s] Invoked command in '/home/carlos/turtlebot3_ws/src/my_first_publisher' returned '0': PS1=(rosenv) \[\e]0;\u@\h: \w\a\]${debian_chroot:+($debian_chroot)}\[\033[01;32m\]\u@\h\[\033[00m\]:\[\033[01;34m\]\w\[\033[00m\]\$ PYTHONPATH=/home/carlos/turtlebot3_ws/install/my_first_publisher/lib/python3.8/site-packages:${PYTHONPATH} /usr/bin/python3 setup.py egg_info --egg-base ../../build/my_first_publisher build --build-base /home/carlos/turtlebot3_ws/build/my_first_publisher/build install --prefix /home/carlos/turtlebot3_ws/install/my_first_publisher --record /home/carlos/turtlebot3_ws/build/my_first_publisher/install.log --single-version-externally-managed
