[0.038s] Invoking command in '/home/carlos/turtlebot3_ws/build/custom_interface': CMAKE_PREFIX_PATH=${CMAKE_PREFIX_PATH}:/home/carlos/turtlebot3_ws/install/show_msg:/home/carlos/turtlebot3_ws/install/my_first_subscriber:/home/carlos/turtlebot3_ws/install/my_first_publisher:/home/carlos/turtlebot3_ws/install/my_first_node:/opt/ros/foxy PS1=(rosenv) \[\e]0;\u@\h: \w\a\]${debian_chroot:+($debian_chroot)}\[\033[01;32m\]\u@\h\[\033[00m\]:\[\033[01;34m\]\w\[\033[00m\]\$ /usr/bin/cmake --build /home/carlos/turtlebot3_ws/build/custom_interface -- -j1 -l1
[0.136s] -- Found ament_cmake: 0.9.9 (/opt/ros/foxy/share/ament_cmake/cmake)
[0.179s] -- Found PythonInterp: /home/carlos/virtualenvs/rosenv/bin/python3 (found suitable version "3.8.10", minimum required is "3") 
[0.179s] -- Using PYTHON_EXECUTABLE: /home/carlos/virtualenvs/rosenv/bin/python3
[0.445s] -- Found rclcpp: 2.4.0 (/opt/ros/foxy/share/rclcpp/cmake)
[0.513s] -- Using all available rosidl_typesupport_c: rosidl_typesupport_fastrtps_c;rosidl_typesupport_introspection_c
[0.520s] -- Found rosidl_adapter: 1.2.1 (/opt/ros/foxy/share/rosidl_adapter/cmake)
[0.752s] -- Using all available rosidl_typesupport_cpp: rosidl_typesupport_fastrtps_cpp;rosidl_typesupport_introspection_cpp
[0.861s] -- Found rmw_implementation_cmake: 1.0.3 (/opt/ros/foxy/share/rmw_implementation_cmake/cmake)
[0.864s] -- Using RMW implementation 'rmw_fastrtps_cpp' as default
[1.186s] -- Found rosidl_default_generators: 1.0.1 (/opt/ros/foxy/share/rosidl_default_generators/cmake)
[1.206s] -- Found ament_lint_auto: 0.9.6 (/opt/ros/foxy/share/ament_lint_auto/cmake)
[1.583s] -- Found PythonInterp: /home/carlos/virtualenvs/rosenv/bin/python3 (found version "3.8.10") 
[1.770s] -- Found ament_cmake_ros: 0.9.2 (/opt/ros/foxy/share/ament_cmake_ros/cmake)
[1.990s] -- Using all available rosidl_typesupport_c: rosidl_typesupport_fastrtps_c;rosidl_typesupport_introspection_c
[2.013s] -- Using all available rosidl_typesupport_cpp: rosidl_typesupport_fastrtps_cpp;rosidl_typesupport_introspection_cpp
[2.076s] -- Found PythonInterp: /home/carlos/virtualenvs/rosenv/bin/python3 (found suitable version "3.8.10", minimum required is "3.5") 
[2.078s] -- Found python_cmake_module: 0.8.1 (/opt/ros/foxy/share/python_cmake_module/cmake)
[2.136s] -- Using PYTHON_EXECUTABLE: /home/carlos/virtualenvs/rosenv/bin/python3
[2.136s] -- Using PYTHON_INCLUDE_DIRS: /usr/include/python3.8
[2.136s] -- Using PYTHON_LIBRARIES: /usr/lib/x86_64-linux-gnu/libpython3.8.so
[2.187s] -- Added test 'copyright' to check source files copyright and LICENSE
[2.194s] -- Added test 'lint_cmake' to check CMake code style
[2.199s] -- Added test 'xmllint' to check XML markup files
[2.234s] -- Configuring done
[2.360s] -- Generating done
[2.380s] -- Build files have been written to: /home/carlos/turtlebot3_ws/build/custom_interface
[2.432s] [35m[1mScanning dependencies of target custom_interface__cpp[0m
[2.452s] [  2%] [34m[1mGenerating C++ code for ROS interfaces[0m
[3.236s] [  2%] Built target custom_interface__cpp
[3.257s] [  5%] [34m[1mGenerating C++ introspection for ROS interfaces[0m
[3.957s] [35m[1mScanning dependencies of target custom_interface__rosidl_typesupport_introspection_cpp[0m
[3.979s] [  7%] [32mBuilding CXX object CMakeFiles/custom_interface__rosidl_typesupport_introspection_cpp.dir/rosidl_typesupport_introspection_cpp/custom_interface/msg/detail/distvel__type_support.cpp.o[0m
[4.975s] [ 10%] [32mBuilding CXX object CMakeFiles/custom_interface__rosidl_typesupport_introspection_cpp.dir/rosidl_typesupport_introspection_cpp/custom_interface/srv/detail/my_move_msg__type_support.cpp.o[0m
[5.450s] [ 12%] [32m[1mLinking CXX shared library libcustom_interface__rosidl_typesupport_introspection_cpp.so[0m
[5.564s] [ 12%] Built target custom_interface__rosidl_typesupport_introspection_cpp
[5.581s] [ 15%] [34m[1mGenerating C++ type support dispatch for ROS interfaces[0m
[6.355s] [35m[1mScanning dependencies of target custom_interface__rosidl_typesupport_cpp[0m
[6.378s] [ 17%] [32mBuilding CXX object CMakeFiles/custom_interface__rosidl_typesupport_cpp.dir/rosidl_typesupport_cpp/custom_interface/msg/distvel__type_support.cpp.o[0m
[6.797s] [ 20%] [32mBuilding CXX object CMakeFiles/custom_interface__rosidl_typesupport_cpp.dir/rosidl_typesupport_cpp/custom_interface/srv/my_move_msg__type_support.cpp.o[0m
[7.310s] [ 23%] [32m[1mLinking CXX shared library libcustom_interface__rosidl_typesupport_cpp.so[0m
[7.374s] [ 23%] Built target custom_interface__rosidl_typesupport_cpp
[7.394s] [ 25%] [34m[1mGenerating C code for ROS interfaces[0m
[8.262s] [35m[1mScanning dependencies of target custom_interface__rosidl_generator_c[0m
[8.290s] [ 28%] [32mBuilding C object CMakeFiles/custom_interface__rosidl_generator_c.dir/rosidl_generator_c/custom_interface/msg/detail/distvel__functions.c.o[0m
[8.360s] [ 30%] [32mBuilding C object CMakeFiles/custom_interface__rosidl_generator_c.dir/rosidl_generator_c/custom_interface/srv/detail/my_move_msg__functions.c.o[0m
[8.434s] [ 33%] [32m[1mLinking C shared library libcustom_interface__rosidl_generator_c.so[0m
[8.509s] [ 33%] Built target custom_interface__rosidl_generator_c
[8.532s] [ 35%] [34m[1mGenerating C++ type support for eProsima Fast-RTPS[0m
[9.360s] [35m[1mScanning dependencies of target custom_interface__rosidl_typesupport_fastrtps_cpp[0m
[9.448s] [ 38%] [32mBuilding CXX object CMakeFiles/custom_interface__rosidl_typesupport_fastrtps_cpp.dir/rosidl_typesupport_fastrtps_cpp/custom_interface/msg/detail/dds_fastrtps/distvel__type_support.cpp.o[0m
[10.359s] [ 41%] [32mBuilding CXX object CMakeFiles/custom_interface__rosidl_typesupport_fastrtps_cpp.dir/rosidl_typesupport_fastrtps_cpp/custom_interface/srv/detail/dds_fastrtps/my_move_msg__type_support.cpp.o[0m
[11.394s] [ 43%] [32m[1mLinking CXX shared library libcustom_interface__rosidl_typesupport_fastrtps_cpp.so[0m
[11.537s] [ 43%] Built target custom_interface__rosidl_typesupport_fastrtps_cpp
[11.555s] [ 46%] [34m[1mGenerating C type support for eProsima Fast-RTPS[0m
[12.285s] [35m[1mScanning dependencies of target custom_interface__rosidl_typesupport_fastrtps_c[0m
[12.313s] [ 48%] [32mBuilding CXX object CMakeFiles/custom_interface__rosidl_typesupport_fastrtps_c.dir/rosidl_typesupport_fastrtps_c/custom_interface/msg/detail/distvel__type_support_c.cpp.o[0m
[12.852s] [ 51%] [32mBuilding CXX object CMakeFiles/custom_interface__rosidl_typesupport_fastrtps_c.dir/rosidl_typesupport_fastrtps_c/custom_interface/srv/detail/my_move_msg__type_support_c.cpp.o[0m
[13.572s] [ 53%] [32m[1mLinking CXX shared library libcustom_interface__rosidl_typesupport_fastrtps_c.so[0m
[13.752s] [ 53%] Built target custom_interface__rosidl_typesupport_fastrtps_c
[13.777s] [ 56%] [34m[1mGenerating C introspection for ROS interfaces[0m
[14.553s] [35m[1mScanning dependencies of target custom_interface__rosidl_typesupport_introspection_c[0m
[14.581s] [ 58%] [32mBuilding C object CMakeFiles/custom_interface__rosidl_typesupport_introspection_c.dir/rosidl_typesupport_introspection_c/custom_interface/msg/detail/distvel__type_support.c.o[0m
[14.639s] [ 61%] [32mBuilding C object CMakeFiles/custom_interface__rosidl_typesupport_introspection_c.dir/rosidl_typesupport_introspection_c/custom_interface/srv/detail/my_move_msg__type_support.c.o[0m
[14.694s] [ 64%] [32m[1mLinking C shared library libcustom_interface__rosidl_typesupport_introspection_c.so[0m
[14.741s] [ 64%] Built target custom_interface__rosidl_typesupport_introspection_c
[14.762s] [ 66%] [34m[1mGenerating C type support dispatch for ROS interfaces[0m
[15.390s] [35m[1mScanning dependencies of target custom_interface__rosidl_typesupport_c[0m
[15.414s] [ 69%] [32mBuilding CXX object CMakeFiles/custom_interface__rosidl_typesupport_c.dir/rosidl_typesupport_c/custom_interface/msg/distvel__type_support.cpp.o[0m
[15.486s] [ 71%] [32mBuilding CXX object CMakeFiles/custom_interface__rosidl_typesupport_c.dir/rosidl_typesupport_c/custom_interface/srv/my_move_msg__type_support.cpp.o[0m
[15.541s] [ 74%] [32m[1mLinking CXX shared library libcustom_interface__rosidl_typesupport_c.so[0m
[15.600s] [ 74%] Built target custom_interface__rosidl_typesupport_c
[15.639s] [ 74%] Built target custom_interface
[15.656s] [35m[1mScanning dependencies of target custom_interface__py[0m
[15.673s] [ 76%] [34m[1mGenerating Python code for ROS interfaces[0m
[17.461s] [ 76%] Built target custom_interface__py
[17.482s] [35m[1mScanning dependencies of target custom_interface__python[0m
[17.515s] [ 79%] [32mBuilding C object CMakeFiles/custom_interface__python.dir/rosidl_generator_py/custom_interface/msg/_distvel_s.c.o[0m
[17.697s] [ 82%] [32mBuilding C object CMakeFiles/custom_interface__python.dir/rosidl_generator_py/custom_interface/srv/_my_move_msg_s.c.o[0m
[17.856s] [ 84%] [32m[1mLinking C shared library rosidl_generator_py/custom_interface/libcustom_interface__python.so[0m
[17.928s] [ 84%] Built target custom_interface__python
[17.969s] [35m[1mScanning dependencies of target custom_interface__rosidl_typesupport_c__pyext[0m
[18.007s] [ 87%] [32mBuilding C object CMakeFiles/custom_interface__rosidl_typesupport_c__pyext.dir/rosidl_generator_py/custom_interface/_custom_interface_s.ep.rosidl_typesupport_c.c.o[0m
[18.168s] [ 89%] [32m[1mLinking C shared library rosidl_generator_py/custom_interface/custom_interface_s__rosidl_typesupport_c.cpython-38-x86_64-linux-gnu.so[0m
[18.218s] [ 89%] Built target custom_interface__rosidl_typesupport_c__pyext
[18.243s] [35m[1mScanning dependencies of target custom_interface__rosidl_typesupport_introspection_c__pyext[0m
[18.269s] [ 92%] [32mBuilding C object CMakeFiles/custom_interface__rosidl_typesupport_introspection_c__pyext.dir/rosidl_generator_py/custom_interface/_custom_interface_s.ep.rosidl_typesupport_introspection_c.c.o[0m
[18.414s] [ 94%] [32m[1mLinking C shared library rosidl_generator_py/custom_interface/custom_interface_s__rosidl_typesupport_introspection_c.cpython-38-x86_64-linux-gnu.so[0m
[18.468s] [ 94%] Built target custom_interface__rosidl_typesupport_introspection_c__pyext
[18.488s] [35m[1mScanning dependencies of target custom_interface__rosidl_typesupport_fastrtps_c__pyext[0m
[18.530s] [ 97%] [32mBuilding C object CMakeFiles/custom_interface__rosidl_typesupport_fastrtps_c__pyext.dir/rosidl_generator_py/custom_interface/_custom_interface_s.ep.rosidl_typesupport_fastrtps_c.c.o[0m
[18.685s] [100%] [32m[1mLinking CXX shared library rosidl_generator_py/custom_interface/custom_interface_s__rosidl_typesupport_fastrtps_c.cpython-38-x86_64-linux-gnu.so[0m
[18.784s] [100%] Built target custom_interface__rosidl_typesupport_fastrtps_c__pyext
[18.803s] Invoked command in '/home/carlos/turtlebot3_ws/build/custom_interface' returned '0': CMAKE_PREFIX_PATH=${CMAKE_PREFIX_PATH}:/home/carlos/turtlebot3_ws/install/show_msg:/home/carlos/turtlebot3_ws/install/my_first_subscriber:/home/carlos/turtlebot3_ws/install/my_first_publisher:/home/carlos/turtlebot3_ws/install/my_first_node:/opt/ros/foxy PS1=(rosenv) \[\e]0;\u@\h: \w\a\]${debian_chroot:+($debian_chroot)}\[\033[01;32m\]\u@\h\[\033[00m\]:\[\033[01;34m\]\w\[\033[00m\]\$ /usr/bin/cmake --build /home/carlos/turtlebot3_ws/build/custom_interface -- -j1 -l1
[18.916s] Invoking command in '/home/carlos/turtlebot3_ws/build/custom_interface': CMAKE_PREFIX_PATH=${CMAKE_PREFIX_PATH}:/home/carlos/turtlebot3_ws/install/show_msg:/home/carlos/turtlebot3_ws/install/my_first_subscriber:/home/carlos/turtlebot3_ws/install/my_first_publisher:/home/carlos/turtlebot3_ws/install/my_first_node:/opt/ros/foxy PS1=(rosenv) \[\e]0;\u@\h: \w\a\]${debian_chroot:+($debian_chroot)}\[\033[01;32m\]\u@\h\[\033[00m\]:\[\033[01;34m\]\w\[\033[00m\]\$ /usr/bin/cmake --install /home/carlos/turtlebot3_ws/build/custom_interface
[18.936s] -- Install configuration: ""
[18.941s] -- Installing: /home/carlos/turtlebot3_ws/install/custom_interface/share/ament_index/resource_index/rosidl_interfaces/custom_interface
[18.942s] -- Up-to-date: /home/carlos/turtlebot3_ws/install/custom_interface/include/custom_interface
[18.943s] -- Up-to-date: /home/carlos/turtlebot3_ws/install/custom_interface/include/custom_interface/msg
[18.944s] -- Up-to-date: /home/carlos/turtlebot3_ws/install/custom_interface/include/custom_interface/msg/detail
[18.945s] -- Installing: /home/carlos/turtlebot3_ws/install/custom_interface/include/custom_interface/msg/detail/distvel__functions.h
[18.945s] -- Installing: /home/carlos/turtlebot3_ws/install/custom_interface/include/custom_interface/msg/detail/distvel__functions.c
[18.945s] -- Installing: /home/carlos/turtlebot3_ws/install/custom_interface/include/custom_interface/msg/detail/distvel__struct.h
[18.946s] -- Installing: /home/carlos/turtlebot3_ws/install/custom_interface/include/custom_interface/msg/detail/distvel__type_support.h
[18.946s] -- Installing: /home/carlos/turtlebot3_ws/install/custom_interface/include/custom_interface/msg/distvel.h
[18.947s] -- Up-to-date: /home/carlos/turtlebot3_ws/install/custom_interface/include/custom_interface/msg/rosidl_generator_c__visibility_control.h
[18.947s] -- Installing: /home/carlos/turtlebot3_ws/install/custom_interface/include/custom_interface/srv
[18.947s] -- Installing: /home/carlos/turtlebot3_ws/install/custom_interface/include/custom_interface/srv/detail
[18.948s] -- Installing: /home/carlos/turtlebot3_ws/install/custom_interface/include/custom_interface/srv/detail/my_move_msg__struct.h
[18.948s] -- Installing: /home/carlos/turtlebot3_ws/install/custom_interface/include/custom_interface/srv/detail/my_move_msg__type_support.h
[18.948s] -- Installing: /home/carlos/turtlebot3_ws/install/custom_interface/include/custom_interface/srv/detail/my_move_msg__functions.c
[18.949s] -- Installing: /home/carlos/turtlebot3_ws/install/custom_interface/include/custom_interface/srv/detail/my_move_msg__functions.h
[18.949s] -- Installing: /home/carlos/turtlebot3_ws/install/custom_interface/include/custom_interface/srv/my_move_msg.h
[18.950s] -- Up-to-date: /home/carlos/turtlebot3_ws/install/custom_interface/share/custom_interface/environment/library_path.sh
[18.950s] -- Installing: /home/carlos/turtlebot3_ws/install/custom_interface/share/custom_interface/environment/library_path.dsv
[18.951s] -- Installing: /home/carlos/turtlebot3_ws/install/custom_interface/lib/libcustom_interface__rosidl_generator_c.so
[18.952s] -- Set runtime path of "/home/carlos/turtlebot3_ws/install/custom_interface/lib/libcustom_interface__rosidl_generator_c.so" to ""
[18.952s] -- Up-to-date: /home/carlos/turtlebot3_ws/install/custom_interface/include/custom_interface
[18.952s] -- Up-to-date: /home/carlos/turtlebot3_ws/install/custom_interface/include/custom_interface/msg
[18.952s] -- Up-to-date: /home/carlos/turtlebot3_ws/install/custom_interface/include/custom_interface/msg/detail
[18.953s] -- Installing: /home/carlos/turtlebot3_ws/install/custom_interface/include/custom_interface/msg/detail/distvel__rosidl_typesupport_fastrtps_c.h
[18.953s] -- Up-to-date: /home/carlos/turtlebot3_ws/install/custom_interface/include/custom_interface/msg/rosidl_typesupport_fastrtps_c__visibility_control.h
[18.953s] -- Up-to-date: /home/carlos/turtlebot3_ws/install/custom_interface/include/custom_interface/srv
[18.954s] -- Up-to-date: /home/carlos/turtlebot3_ws/install/custom_interface/include/custom_interface/srv/detail
[18.954s] -- Installing: /home/carlos/turtlebot3_ws/install/custom_interface/include/custom_interface/srv/detail/my_move_msg__rosidl_typesupport_fastrtps_c.h
[18.955s] -- Installing: /home/carlos/turtlebot3_ws/install/custom_interface/lib/libcustom_interface__rosidl_typesupport_fastrtps_c.so
[18.956s] -- Set runtime path of "/home/carlos/turtlebot3_ws/install/custom_interface/lib/libcustom_interface__rosidl_typesupport_fastrtps_c.so" to ""
[18.956s] -- Up-to-date: /home/carlos/turtlebot3_ws/install/custom_interface/include/custom_interface
[18.956s] -- Up-to-date: /home/carlos/turtlebot3_ws/install/custom_interface/include/custom_interface/msg
[18.956s] -- Up-to-date: /home/carlos/turtlebot3_ws/install/custom_interface/include/custom_interface/msg/detail
[18.957s] -- Installing: /home/carlos/turtlebot3_ws/install/custom_interface/include/custom_interface/msg/detail/distvel__rosidl_typesupport_fastrtps_cpp.hpp
[18.957s] -- Up-to-date: /home/carlos/turtlebot3_ws/install/custom_interface/include/custom_interface/msg/detail/dds_fastrtps
[18.957s] -- Up-to-date: /home/carlos/turtlebot3_ws/install/custom_interface/include/custom_interface/msg/rosidl_typesupport_fastrtps_cpp__visibility_control.h
[18.958s] -- Up-to-date: /home/carlos/turtlebot3_ws/install/custom_interface/include/custom_interface/srv
[18.958s] -- Up-to-date: /home/carlos/turtlebot3_ws/install/custom_interface/include/custom_interface/srv/detail
[18.958s] -- Installing: /home/carlos/turtlebot3_ws/install/custom_interface/include/custom_interface/srv/detail/my_move_msg__rosidl_typesupport_fastrtps_cpp.hpp
[18.958s] -- Installing: /home/carlos/turtlebot3_ws/install/custom_interface/include/custom_interface/srv/detail/dds_fastrtps
[18.959s] -- Installing: /home/carlos/turtlebot3_ws/install/custom_interface/lib/libcustom_interface__rosidl_typesupport_fastrtps_cpp.so
[18.960s] -- Set runtime path of "/home/carlos/turtlebot3_ws/install/custom_interface/lib/libcustom_interface__rosidl_typesupport_fastrtps_cpp.so" to ""
[18.960s] -- Up-to-date: /home/carlos/turtlebot3_ws/install/custom_interface/include/custom_interface
[18.960s] -- Up-to-date: /home/carlos/turtlebot3_ws/install/custom_interface/include/custom_interface/msg
[18.961s] -- Up-to-date: /home/carlos/turtlebot3_ws/install/custom_interface/include/custom_interface/msg/detail
[18.961s] -- Installing: /home/carlos/turtlebot3_ws/install/custom_interface/include/custom_interface/msg/detail/distvel__rosidl_typesupport_introspection_c.h
[18.961s] -- Installing: /home/carlos/turtlebot3_ws/install/custom_interface/include/custom_interface/msg/detail/distvel__type_support.c
[18.962s] -- Up-to-date: /home/carlos/turtlebot3_ws/install/custom_interface/include/custom_interface/msg/rosidl_typesupport_introspection_c__visibility_control.h
[18.962s] -- Up-to-date: /home/carlos/turtlebot3_ws/install/custom_interface/include/custom_interface/srv
[18.962s] -- Up-to-date: /home/carlos/turtlebot3_ws/install/custom_interface/include/custom_interface/srv/detail
[18.963s] -- Installing: /home/carlos/turtlebot3_ws/install/custom_interface/include/custom_interface/srv/detail/my_move_msg__rosidl_typesupport_introspection_c.h
[18.963s] -- Installing: /home/carlos/turtlebot3_ws/install/custom_interface/include/custom_interface/srv/detail/my_move_msg__type_support.c
[18.964s] -- Installing: /home/carlos/turtlebot3_ws/install/custom_interface/lib/libcustom_interface__rosidl_typesupport_introspection_c.so
[18.964s] -- Set runtime path of "/home/carlos/turtlebot3_ws/install/custom_interface/lib/libcustom_interface__rosidl_typesupport_introspection_c.so" to ""
[18.965s] -- Installing: /home/carlos/turtlebot3_ws/install/custom_interface/lib/libcustom_interface__rosidl_typesupport_c.so
[18.966s] -- Set runtime path of "/home/carlos/turtlebot3_ws/install/custom_interface/lib/libcustom_interface__rosidl_typesupport_c.so" to ""
[18.966s] -- Up-to-date: /home/carlos/turtlebot3_ws/install/custom_interface/include/custom_interface
[18.966s] -- Up-to-date: /home/carlos/turtlebot3_ws/install/custom_interface/include/custom_interface/msg
[18.966s] -- Up-to-date: /home/carlos/turtlebot3_ws/install/custom_interface/include/custom_interface/msg/detail
[18.967s] -- Installing: /home/carlos/turtlebot3_ws/install/custom_interface/include/custom_interface/msg/detail/distvel__builder.hpp
[18.967s] -- Installing: /home/carlos/turtlebot3_ws/install/custom_interface/include/custom_interface/msg/detail/distvel__traits.hpp
[18.967s] -- Installing: /home/carlos/turtlebot3_ws/install/custom_interface/include/custom_interface/msg/detail/distvel__struct.hpp
[18.968s] -- Installing: /home/carlos/turtlebot3_ws/install/custom_interface/include/custom_interface/msg/distvel.hpp
[18.968s] -- Up-to-date: /home/carlos/turtlebot3_ws/install/custom_interface/include/custom_interface/srv
[18.968s] -- Up-to-date: /home/carlos/turtlebot3_ws/install/custom_interface/include/custom_interface/srv/detail
[18.969s] -- Installing: /home/carlos/turtlebot3_ws/install/custom_interface/include/custom_interface/srv/detail/my_move_msg__builder.hpp
[18.969s] -- Installing: /home/carlos/turtlebot3_ws/install/custom_interface/include/custom_interface/srv/detail/my_move_msg__struct.hpp
[18.974s] -- Installing: /home/carlos/turtlebot3_ws/install/custom_interface/include/custom_interface/srv/detail/my_move_msg__traits.hpp
[18.974s] -- Installing: /home/carlos/turtlebot3_ws/install/custom_interface/include/custom_interface/srv/my_move_msg.hpp
[18.974s] -- Up-to-date: /home/carlos/turtlebot3_ws/install/custom_interface/include/custom_interface
[18.974s] -- Up-to-date: /home/carlos/turtlebot3_ws/install/custom_interface/include/custom_interface/msg
[18.974s] -- Up-to-date: /home/carlos/turtlebot3_ws/install/custom_interface/include/custom_interface/msg/detail
[18.975s] -- Installing: /home/carlos/turtlebot3_ws/install/custom_interface/include/custom_interface/msg/detail/distvel__type_support.cpp
[18.975s] -- Installing: /home/carlos/turtlebot3_ws/install/custom_interface/include/custom_interface/msg/detail/distvel__rosidl_typesupport_introspection_cpp.hpp
[18.975s] -- Up-to-date: /home/carlos/turtlebot3_ws/install/custom_interface/include/custom_interface/srv
[18.975s] -- Up-to-date: /home/carlos/turtlebot3_ws/install/custom_interface/include/custom_interface/srv/detail
[18.976s] -- Installing: /home/carlos/turtlebot3_ws/install/custom_interface/include/custom_interface/srv/detail/my_move_msg__rosidl_typesupport_introspection_cpp.hpp
[18.976s] -- Installing: /home/carlos/turtlebot3_ws/install/custom_interface/include/custom_interface/srv/detail/my_move_msg__type_support.cpp
[18.977s] -- Installing: /home/carlos/turtlebot3_ws/install/custom_interface/lib/libcustom_interface__rosidl_typesupport_introspection_cpp.so
[18.977s] -- Set runtime path of "/home/carlos/turtlebot3_ws/install/custom_interface/lib/libcustom_interface__rosidl_typesupport_introspection_cpp.so" to ""
[18.978s] -- Installing: /home/carlos/turtlebot3_ws/install/custom_interface/lib/libcustom_interface__rosidl_typesupport_cpp.so
[18.979s] -- Set runtime path of "/home/carlos/turtlebot3_ws/install/custom_interface/lib/libcustom_interface__rosidl_typesupport_cpp.so" to ""
[18.980s] -- Up-to-date: /home/carlos/turtlebot3_ws/install/custom_interface/share/custom_interface/environment/pythonpath.sh
[18.980s] -- Installing: /home/carlos/turtlebot3_ws/install/custom_interface/share/custom_interface/environment/pythonpath.dsv
[18.980s] -- Installing: /home/carlos/turtlebot3_ws/install/custom_interface/lib/python3.8/site-packages/custom_interface/__init__.py
[19.035s] Compiling '/home/carlos/turtlebot3_ws/install/custom_interface/lib/python3.8/site-packages/custom_interface/__init__.py'...
[19.043s] -- Up-to-date: /home/carlos/turtlebot3_ws/install/custom_interface/lib/python3.8/site-packages/custom_interface/msg
[19.043s] -- Installing: /home/carlos/turtlebot3_ws/install/custom_interface/lib/python3.8/site-packages/custom_interface/msg/__init__.py
[19.044s] -- Installing: /home/carlos/turtlebot3_ws/install/custom_interface/lib/python3.8/site-packages/custom_interface/msg/_distvel.py
[19.044s] -- Installing: /home/carlos/turtlebot3_ws/install/custom_interface/lib/python3.8/site-packages/custom_interface/msg/_distvel_s.c
[19.045s] -- Installing: /home/carlos/turtlebot3_ws/install/custom_interface/lib/python3.8/site-packages/custom_interface/srv
[19.045s] -- Installing: /home/carlos/turtlebot3_ws/install/custom_interface/lib/python3.8/site-packages/custom_interface/srv/__init__.py
[19.045s] -- Installing: /home/carlos/turtlebot3_ws/install/custom_interface/lib/python3.8/site-packages/custom_interface/srv/_my_move_msg.py
[19.046s] -- Installing: /home/carlos/turtlebot3_ws/install/custom_interface/lib/python3.8/site-packages/custom_interface/srv/_my_move_msg_s.c
[19.047s] -- Installing: /home/carlos/turtlebot3_ws/install/custom_interface/lib/python3.8/site-packages/custom_interface/custom_interface_s__rosidl_typesupport_fastrtps_c.cpython-38-x86_64-linux-gnu.so
[19.048s] -- Set runtime path of "/home/carlos/turtlebot3_ws/install/custom_interface/lib/python3.8/site-packages/custom_interface/custom_interface_s__rosidl_typesupport_fastrtps_c.cpython-38-x86_64-linux-gnu.so" to ""
[19.049s] -- Installing: /home/carlos/turtlebot3_ws/install/custom_interface/lib/python3.8/site-packages/custom_interface/custom_interface_s__rosidl_typesupport_introspection_c.cpython-38-x86_64-linux-gnu.so
[19.050s] -- Set runtime path of "/home/carlos/turtlebot3_ws/install/custom_interface/lib/python3.8/site-packages/custom_interface/custom_interface_s__rosidl_typesupport_introspection_c.cpython-38-x86_64-linux-gnu.so" to ""
[19.051s] -- Installing: /home/carlos/turtlebot3_ws/install/custom_interface/lib/python3.8/site-packages/custom_interface/custom_interface_s__rosidl_typesupport_c.cpython-38-x86_64-linux-gnu.so
[19.052s] -- Set runtime path of "/home/carlos/turtlebot3_ws/install/custom_interface/lib/python3.8/site-packages/custom_interface/custom_interface_s__rosidl_typesupport_c.cpython-38-x86_64-linux-gnu.so" to ""
[19.053s] -- Installing: /home/carlos/turtlebot3_ws/install/custom_interface/lib/libcustom_interface__python.so
[19.054s] -- Set runtime path of "/home/carlos/turtlebot3_ws/install/custom_interface/lib/libcustom_interface__python.so" to ""
[19.054s] -- Up-to-date: /home/carlos/turtlebot3_ws/install/custom_interface/share/custom_interface/msg/Distvel.idl
[19.055s] -- Installing: /home/carlos/turtlebot3_ws/install/custom_interface/share/custom_interface/srv/MyMoveMsg.idl
[19.055s] -- Up-to-date: /home/carlos/turtlebot3_ws/install/custom_interface/share/custom_interface/msg/Distvel.msg
[19.056s] -- Installing: /home/carlos/turtlebot3_ws/install/custom_interface/share/custom_interface/srv/MyMoveMsg.srv
[19.056s] -- Installing: /home/carlos/turtlebot3_ws/install/custom_interface/share/custom_interface/srv/MyMoveMsg_Request.msg
[19.056s] -- Installing: /home/carlos/turtlebot3_ws/install/custom_interface/share/custom_interface/srv/MyMoveMsg_Response.msg
[19.057s] -- Up-to-date: /home/carlos/turtlebot3_ws/install/custom_interface/share/ament_index/resource_index/package_run_dependencies/custom_interface
[19.058s] -- Installing: /home/carlos/turtlebot3_ws/install/custom_interface/share/ament_index/resource_index/parent_prefix_path/custom_interface
[19.059s] -- Up-to-date: /home/carlos/turtlebot3_ws/install/custom_interface/share/custom_interface/environment/ament_prefix_path.sh
[19.059s] -- Installing: /home/carlos/turtlebot3_ws/install/custom_interface/share/custom_interface/environment/ament_prefix_path.dsv
[19.059s] -- Up-to-date: /home/carlos/turtlebot3_ws/install/custom_interface/share/custom_interface/environment/path.sh
[19.060s] -- Installing: /home/carlos/turtlebot3_ws/install/custom_interface/share/custom_interface/environment/path.dsv
[19.060s] -- Up-to-date: /home/carlos/turtlebot3_ws/install/custom_interface/share/custom_interface/local_setup.bash
[19.060s] -- Up-to-date: /home/carlos/turtlebot3_ws/install/custom_interface/share/custom_interface/local_setup.sh
[19.061s] -- Up-to-date: /home/carlos/turtlebot3_ws/install/custom_interface/share/custom_interface/local_setup.zsh
[19.061s] -- Installing: /home/carlos/turtlebot3_ws/install/custom_interface/share/custom_interface/local_setup.dsv
[19.061s] -- Installing: /home/carlos/turtlebot3_ws/install/custom_interface/share/custom_interface/package.dsv
[19.062s] -- Up-to-date: /home/carlos/turtlebot3_ws/install/custom_interface/share/ament_index/resource_index/packages/custom_interface
[19.063s] -- Up-to-date: /home/carlos/turtlebot3_ws/install/custom_interface/share/custom_interface/cmake/custom_interface__rosidl_generator_cExport.cmake
[19.064s] -- Installing: /home/carlos/turtlebot3_ws/install/custom_interface/share/custom_interface/cmake/custom_interface__rosidl_generator_cExport-noconfig.cmake
[19.065s] -- Up-to-date: /home/carlos/turtlebot3_ws/install/custom_interface/share/custom_interface/cmake/custom_interface__rosidl_typesupport_introspection_cExport.cmake
[19.065s] -- Installing: /home/carlos/turtlebot3_ws/install/custom_interface/share/custom_interface/cmake/custom_interface__rosidl_typesupport_introspection_cExport-noconfig.cmake
[19.066s] -- Up-to-date: /home/carlos/turtlebot3_ws/install/custom_interface/share/custom_interface/cmake/custom_interface__rosidl_typesupport_cExport.cmake
[19.067s] -- Installing: /home/carlos/turtlebot3_ws/install/custom_interface/share/custom_interface/cmake/custom_interface__rosidl_typesupport_cExport-noconfig.cmake
[19.068s] -- Up-to-date: /home/carlos/turtlebot3_ws/install/custom_interface/share/custom_interface/cmake/custom_interface__rosidl_generator_cppExport.cmake
[19.069s] -- Up-to-date: /home/carlos/turtlebot3_ws/install/custom_interface/share/custom_interface/cmake/custom_interface__rosidl_typesupport_introspection_cppExport.cmake
[19.069s] -- Installing: /home/carlos/turtlebot3_ws/install/custom_interface/share/custom_interface/cmake/custom_interface__rosidl_typesupport_introspection_cppExport-noconfig.cmake
[19.070s] -- Up-to-date: /home/carlos/turtlebot3_ws/install/custom_interface/share/custom_interface/cmake/custom_interface__rosidl_typesupport_cppExport.cmake
[19.070s] -- Installing: /home/carlos/turtlebot3_ws/install/custom_interface/share/custom_interface/cmake/custom_interface__rosidl_typesupport_cppExport-noconfig.cmake
[19.071s] -- Installing: /home/carlos/turtlebot3_ws/install/custom_interface/share/custom_interface/cmake/rosidl_cmake-extras.cmake
[19.071s] -- Up-to-date: /home/carlos/turtlebot3_ws/install/custom_interface/share/custom_interface/cmake/ament_cmake_export_dependencies-extras.cmake
[19.072s] -- Up-to-date: /home/carlos/turtlebot3_ws/install/custom_interface/share/custom_interface/cmake/ament_cmake_export_libraries-extras.cmake
[19.072s] -- Up-to-date: /home/carlos/turtlebot3_ws/install/custom_interface/share/custom_interface/cmake/ament_cmake_export_targets-extras.cmake
[19.072s] -- Up-to-date: /home/carlos/turtlebot3_ws/install/custom_interface/share/custom_interface/cmake/ament_cmake_export_include_directories-extras.cmake
[19.073s] -- Up-to-date: /home/carlos/turtlebot3_ws/install/custom_interface/share/custom_interface/cmake/rosidl_cmake_export_typesupport_libraries-extras.cmake
[19.073s] -- Up-to-date: /home/carlos/turtlebot3_ws/install/custom_interface/share/custom_interface/cmake/rosidl_cmake_export_typesupport_targets-extras.cmake
[19.073s] -- Up-to-date: /home/carlos/turtlebot3_ws/install/custom_interface/share/custom_interface/cmake/custom_interfaceConfig.cmake
[19.073s] -- Up-to-date: /home/carlos/turtlebot3_ws/install/custom_interface/share/custom_interface/cmake/custom_interfaceConfig-version.cmake
[19.074s] -- Up-to-date: /home/carlos/turtlebot3_ws/install/custom_interface/share/custom_interface/package.xml
[19.079s] Invoked command in '/home/carlos/turtlebot3_ws/build/custom_interface' returned '0': CMAKE_PREFIX_PATH=${CMAKE_PREFIX_PATH}:/home/carlos/turtlebot3_ws/install/show_msg:/home/carlos/turtlebot3_ws/install/my_first_subscriber:/home/carlos/turtlebot3_ws/install/my_first_publisher:/home/carlos/turtlebot3_ws/install/my_first_node:/opt/ros/foxy PS1=(rosenv) \[\e]0;\u@\h: \w\a\]${debian_chroot:+($debian_chroot)}\[\033[01;32m\]\u@\h\[\033[00m\]:\[\033[01;34m\]\w\[\033[00m\]\$ /usr/bin/cmake --install /home/carlos/turtlebot3_ws/build/custom_interface
