[1.648s] Invoking command in '/home/carlos/turtlebot3_ws/src/my_first_node': PS1=(rosenv) \[\e]0;\u@\h: \w\a\]${debian_chroot:+($debian_chroot)}\[\033[01;32m\]\u@\h\[\033[00m\]:\[\033[01;34m\]\w\[\033[00m\]\$ PYTHONPATH=/home/carlos/turtlebot3_ws/install/my_first_node/lib/python3.8/site-packages:${PYTHONPATH} /usr/bin/python3 setup.py egg_info --egg-base ../../build/my_first_node build --build-base /home/carlos/turtlebot3_ws/build/my_first_node/build install --prefix /home/carlos/turtlebot3_ws/install/my_first_node --record /home/carlos/turtlebot3_ws/build/my_first_node/install.log --single-version-externally-managed
[2.114s] running egg_info
[2.115s] writing ../../build/my_first_node/my_first_node.egg-info/PKG-INFO
[2.120s] writing dependency_links to ../../build/my_first_node/my_first_node.egg-info/dependency_links.txt
[2.121s] writing entry points to ../../build/my_first_node/my_first_node.egg-info/entry_points.txt
[2.122s] writing requirements to ../../build/my_first_node/my_first_node.egg-info/requires.txt
[2.123s] writing top-level names to ../../build/my_first_node/my_first_node.egg-info/top_level.txt
[2.234s] reading manifest file '../../build/my_first_node/my_first_node.egg-info/SOURCES.txt'
[2.239s] writing manifest file '../../build/my_first_node/my_first_node.egg-info/SOURCES.txt'
[2.240s] running build
[2.240s] running build_py
[2.242s] running install
[2.244s] running install_lib
[2.247s] running install_data
[2.250s] running install_egg_info
[2.253s] removing '/home/carlos/turtlebot3_ws/install/my_first_node/lib/python3.8/site-packages/my_first_node-0.0.0-py3.8.egg-info' (and everything under it)
[2.255s] Copying ../../build/my_first_node/my_first_node.egg-info to /home/carlos/turtlebot3_ws/install/my_first_node/lib/python3.8/site-packages/my_first_node-0.0.0-py3.8.egg-info
[2.261s] running install_scripts
[2.293s] Installing simple_node script to /home/carlos/turtlebot3_ws/install/my_first_node/lib/my_first_node
[2.294s] writing list of installed files to '/home/carlos/turtlebot3_ws/build/my_first_node/install.log'
[2.352s] Invoked command in '/home/carlos/turtlebot3_ws/src/my_first_node' returned '0': PS1=(rosenv) \[\e]0;\u@\h: \w\a\]${debian_chroot:+($debian_chroot)}\[\033[01;32m\]\u@\h\[\033[00m\]:\[\033[01;34m\]\w\[\033[00m\]\$ PYTHONPATH=/home/carlos/turtlebot3_ws/install/my_first_node/lib/python3.8/site-packages:${PYTHONPATH} /usr/bin/python3 setup.py egg_info --egg-base ../../build/my_first_node build --build-base /home/carlos/turtlebot3_ws/build/my_first_node/build install --prefix /home/carlos/turtlebot3_ws/install/my_first_node --record /home/carlos/turtlebot3_ws/build/my_first_node/install.log --single-version-externally-managed
